2022-06-21 16:55:24 INFO::Writing function arguments to log file
2022-06-21 16:55:24 DEBUG::Function arguments
2022-06-21 16:55:24 DEBUG::Output folder: MaAsLin2_nutrient_gene
2022-06-21 16:55:24 DEBUG::Min Abundance: 0.000000
2022-06-21 16:55:24 DEBUG::Min Prevalence: 0.100000
2022-06-21 16:55:24 DEBUG::Normalization: NONE
2022-06-21 16:55:24 DEBUG::Transform: LOG
2022-06-21 16:55:24 DEBUG::Analysis method: LM
2022-06-21 16:55:24 DEBUG::Max significance: 0.250000
2022-06-21 16:55:24 DEBUG::Random effects:
2022-06-21 16:55:24 DEBUG::Fixed effects: phosphate,nitro,temperature
2022-06-21 16:55:24 DEBUG::Correction method: BH
2022-06-21 16:55:24 DEBUG::Standardize: FALSE
2022-06-21 16:55:24 DEBUG::Cores: 1
2022-06-21 16:55:24 INFO::Verifying options selected are valid
2022-06-21 16:55:24 INFO::Determining format of input files
2022-06-21 16:55:24 INFO::Input format is data samples as rows and metadata samples as rows
2022-06-21 16:55:24 DEBUG::The following samples were found to have features but no metadata. They will be removed. SAMN15782438,SAMN15782442,SAMN15782443,SAMN15782445,SAMN15782447,SAMN15782449,SAMN15782450,SAMN15782451,SAMN15782452,SAMN15782453,SAMN15782454,SAMN15782518,SAMN16861196,SAMN16861197,SAMN16861198,SAMN16861199,SAMN16861200,SAMN16861201,SAMN16861202,SAMN16861203,SAMN16861204,SAMN16861205,SAMN16861206,SAMN16861207,SAMN16861213,SAMN16861215,SAMN16861216,SAMN16861217,SAMN16861218,SAMN16861219,SAMN16861220,SAMN16861221,SAMN16861222,SAMN16861223,SAMN16861224,SAMN16861225,SAMN16861226,SAMN16861227,SAMN16861228,SAMN16861229,SAMN16861230,SAMN16861231,SAMN16861232,SAMN16861233,SAMN16861234,SAMN16861235,SAMN16861236,SAMN16861237,SAMN16861238,SAMN16861239,SAMN16861240,SAMN16861241,SAMN16861242,SAMN16861243,SAMN16861244,SAMN16861245,SAMN16861246,SAMN16861247,SAMN16861248,SAMN16861249,SAMN16861250,SAMN16861251,SAMN16861252,SAMN16861253,SAMN16861254,SAMN16861255,SAMN16861256,SAMN16861257,SAMN16861258,SAMN16861259,SAMN16861260,SAMN16861261,SAMN16861262,SAMN16861263,SAMN16861264,SAMN16861265,SAMN16861266,SAMN16861267,SAMN16861268,SAMN16861269,SAMN16861270,SAMN16861271,SAMN16861272,SAMN16861273,SAMN16861274,SAMN16861275,SAMN16861276,SAMN16861277,SAMN16861278,SAMN16861279,SAMN16861280,SAMN16861281,SAMN16861282,SAMN16861283,SAMN16861284,SAMN16861285,SAMN16861286,SAMN16861287,SAMN16861288,SAMN16861289,SAMN16861290,SAMN16861291,SAMN16861292,SAMN16861293,SAMN16861294,SAMN16861295,SAMN16861296,SAMN16861297,SAMN16861298,SAMN16861299,SAMN16861300,SAMN16861301,SAMN16861302,SAMN16861303,SAMN16861304,SAMN16861305,SAMN16861306,SAMN16861307,SAMN16861308,SAMN16861309,SAMN16861310,SAMN16861311,SAMN16861312,SAMN16861313,SAMN16861314,SAMN16861315,SAMN16861316,SAMN16861317,SAMN16861318,SAMN16861319,SAMN16861320,SAMN16861321,SAMN16861322,SAMN16861323,SAMN16861324,SAMN16861325,SAMN16861326,SAMN16861327,SAMN16861328,SAMN16861329,SAMN16861330,SAMN16861331,SAMN16861332,SAMN16861333,SAMN16861334,SAMN16861335,SAMN16861336,SAMN16861337,SAMN16861338,SAMN16861339,SAMN16861340,SAMN16861341,SAMN16861342,SAMN16861343,SAMN16861344,SAMN16861345,SAMN16861346,SAMN16861347,SAMN16861348,SAMN16861349,SAMN16861350,SAMN16861351,SAMN16861352,SAMN16861353,SAMN16861354,SAMN16861355,SAMN16861356,SAMN16861357,SAMN16861358,SAMN16861359,SAMN16861360,SAMN16861361,SAMN16861362,SAMN16861363,SAMN16861364,SAMN16861365,SAMN16861366,SAMN16861367,SAMN16861368,SAMN16861369,SAMN16861370,SAMN16861371,SAMN16861372,SAMN16861373,SAMN16861374,SAMN16861375,SAMN16861376,SAMN16861377,SAMN16861378,SAMN16861379,SAMN16861380,SAMN16861381,SAMN16861382,SAMN16861383,SAMN16861384,SAMN16861385,SAMN16861386,SAMN16861387,SAMN16861388,SAMN16861390,SAMN16861391,SAMN16861392,SAMN16861393,SAMN16861394,SAMN16861395,SAMN16861396,SAMN16861397,SAMN16861398,SAMN16861399,SAMN16861400,SAMN16861401,SAMN16861402,SAMN16861403,SAMN16861404,SAMN16861405,SAMN16861406,SAMN16861407,SAMN16861408,SAMN16861409,SAMN16861410,SAMN16861411,SAMN16861412,SAMN16861413,SAMN16861414,SAMN16861415,SAMN16861416,SAMN16861417,SAMN16861418,SAMN16861419,SAMN16861420,SAMN16861421,SAMN16861422,SAMN16861423,SAMN16861424,SAMN16861425,SAMN16861426,SAMN16861427,SAMN16861428,SAMN16861429,SAMN16861431,SAMN16861432,SAMN16861433,SAMN16861435,SAMN16861436,SAMN16861437,SAMN16861438,SAMN16861440,SAMN16861441,SAMN16861442,SAMN16861443,SAMN16861444,SAMN16861445,SAMN16861446,SAMN15782534,SAMN15782535,SAMN15782536,SAMN15782537,SAMN15782538,SAMN15782539,SAMN15782670,SAMN15782540,SAMN15782541,SAMN15782542,SAMN15782543,SAMN15782724,SAMN15782544,SAMN15782546,SAMN15782547,SAMN15782792,SAMN15782793,SAMN15782794,SAMN15782795,SAMN15782796,SAMN15782797,SAMN15782798,SAMN15782799,SAMN15782800,SAMN15782801,SAMN15782802,SAMN15782803,SAMN15782804,SAMN15782805,SAMN15782806,SAMN15782807,SAMN15782808,SAMN15782811,SAMN15782814,SAMN15782816,SAMN15782818,SAMN15782820,SAMN15782822,SAMN15782824,SAMN15782826,SAMN15782828,SAMN15782830,SAMN15782834,SAMN15782836,SAMN15782838,SAMN15782840,SAMN15782842,SAMN15782844,SAMN15782846,SAMN15782848,SAMN15782850,SAMN15782852,SAMN15782854,SAMN15782856,SAMN15782858,SAMN15782860,SAMN15782862,SAMN15782864,SAMN15782866,SAMN15782868,SAMN15782870,SAMN15782872,SAMN15782874,SAMN15782876,SAMN15782878,SAMN15782880,SAMN15782882,SAMN15782884,SAMN15782886,SAMN15782888,SAMN15782890,SAMN15782892,SAMN15782894,SAMN15782896,SAMN15782898,SAMN15782900,SAMN15782902,SAMN15782904,SAMN15782906,SAMN15782908,SAMN15782910,SAMN15782912,SAMN15782914,SAMN15782916,SAMN15782918,SAMN15782920,SAMN15782922,SAMN15782924,SAMN15782926,SAMN15782928,SAMN15782930,SAMN15782932,SAMN15782934,SAMN15782936,SAMN15782938,SAMN15782940,SAMN15782942,SAMN15782944,SAMN15782946,SAMN15782949,SAMN15782951,SAMN15782953,SAMN15782955,SAMN15782957,SAMN15782960,SAMN15782962,SAMN15782967,SAMN15782969,SAMN15782971,SAMN15782973,SAMN15782975,SAMN15782979,SAMN15782976,SAMN15782981,SAMN15782984,SAMN15782983,SAMN15782993,SAMN15782990,SAMN15782989,SAMN15782994,SAMN15782996,SAMN15782998,SAMN15783000,SAMN15783002,SAMN15783004,SAMN15783006,SAMN15783008,SAMN15783010,SAMN15783012,SAMN15783014,SAMN15783016,SAMN15783018,SAMN15783020,SAMN15783022,SAMN15783024,SAMN15783026,SAMN15783028,SAMN15783030,SAMN15783034,SAMN15783033,SAMN15783031,SAMN15783036,SAMN15783066,SAMN15783084,SAMN15783114
2022-06-21 16:55:24 DEBUG::A total of 510 samples were found in both the data and metadata
2022-06-21 16:55:24 DEBUG::Reordering data/metadata to use same sample ordering
2022-06-21 16:55:24 INFO::Formula for fixed effects: expr ~  phosphate + nitro + temperature
2022-06-21 16:55:24 INFO::Filter data based on min abundance and min prevalence
2022-06-21 16:55:24 INFO::Total samples in data: 510
2022-06-21 16:55:24 INFO::Min samples required with min abundance for a feature not to be filtered: 51.000000
2022-06-21 16:55:24 INFO::Total filtered features: 0
2022-06-21 16:55:24 INFO::Filtered feature names from abundance and prevalence filtering:
2022-06-21 16:55:24 INFO::Total filtered features with variance filtering: 0
2022-06-21 16:55:24 INFO::Filtered feature names from variance filtering:
2022-06-21 16:55:24 INFO::Running selected normalization method: NONE
2022-06-21 16:55:24 INFO::Bypass z-score application to metadata
2022-06-21 16:55:24 INFO::Running selected transform method: LOG
2022-06-21 16:55:25 INFO::Running selected analysis method: LM
2022-06-21 16:55:25 INFO::Fitting model to feature number 1, cirA
2022-06-21 16:55:25 INFO::Fitting model to feature number 2, expD
2022-06-21 16:55:25 INFO::Fitting model to feature number 3, febB
2022-06-21 16:55:25 INFO::Fitting model to feature number 4, fepB
2022-06-21 16:55:25 INFO::Fitting model to feature number 5, fepC
2022-06-21 16:55:25 INFO::Fitting model to feature number 6, tolQ
2022-06-21 16:55:25 INFO::Fitting model to feature number 7, tonB
2022-06-21 16:55:25 INFO::Fitting model to feature number 8, crp1390
2022-06-21 16:55:25 INFO::Fitting model to feature number 9, PMM0804
2022-06-21 16:55:25 INFO::Fitting model to feature number 10, isiA
2022-06-21 16:55:25 INFO::Fitting model to feature number 11, dpsA
2022-06-21 16:55:25 INFO::Fitting model to feature number 12, fur
2022-06-21 16:55:25 INFO::Fitting model to feature number 13, futA
2022-06-21 16:55:25 INFO::Fitting model to feature number 14, futB
2022-06-21 16:55:25 INFO::Fitting model to feature number 15, futC
2022-06-21 16:55:25 INFO::Fitting model to feature number 16, isiB
2022-06-21 16:55:25 INFO::Fitting model to feature number 17, focA
2022-06-21 16:55:25 INFO::Fitting model to feature number 18, moaA
2022-06-21 16:55:25 INFO::Fitting model to feature number 19, moaB
2022-06-21 16:55:25 INFO::Fitting model to feature number 20, moaD
2022-06-21 16:55:25 INFO::Fitting model to feature number 21, moaE
2022-06-21 16:55:25 INFO::Fitting model to feature number 22, moeA
2022-06-21 16:55:25 INFO::Fitting model to feature number 23, narB
2022-06-21 16:55:25 INFO::Fitting model to feature number 24, moaC
2022-06-21 16:55:25 INFO::Fitting model to feature number 25, mobA
2022-06-21 16:55:25 INFO::Fitting model to feature number 26, napA
2022-06-21 16:55:25 INFO::Fitting model to feature number 27, tauE
2022-06-21 16:55:25 INFO::Fitting model to feature number 28, cynA
2022-06-21 16:55:25 INFO::Fitting model to feature number 29, cynS
2022-06-21 16:55:25 INFO::Fitting model to feature number 30, nirA
2022-06-21 16:55:25 INFO::Fitting model to feature number 31, unkN1
2022-06-21 16:55:25 INFO::Fitting model to feature number 32, unkN2
2022-06-21 16:55:25 INFO::Fitting model to feature number 33, ureA
2022-06-21 16:55:25 INFO::Fitting model to feature number 34, ureB
2022-06-21 16:55:25 INFO::Fitting model to feature number 35, ureC
2022-06-21 16:55:25 INFO::Fitting model to feature number 36, ureD
2022-06-21 16:55:25 INFO::Fitting model to feature number 37, ureE
2022-06-21 16:55:25 INFO::Fitting model to feature number 38, ureF
2022-06-21 16:55:25 INFO::Fitting model to feature number 39, ureG
2022-06-21 16:55:25 INFO::Fitting model to feature number 40, urtA
2022-06-21 16:55:25 INFO::Fitting model to feature number 41, dadA
2022-06-21 16:55:25 INFO::Fitting model to feature number 42, amt1
2022-06-21 16:55:25 INFO::Fitting model to feature number 43, carA
2022-06-21 16:55:25 INFO::Fitting model to feature number 44, carB
2022-06-21 16:55:25 INFO::Fitting model to feature number 45, gdhA
2022-06-21 16:55:25 INFO::Fitting model to feature number 46, glnA
2022-06-21 16:55:25 INFO::Fitting model to feature number 47, glnB
2022-06-21 16:55:25 INFO::Fitting model to feature number 48, glsF
2022-06-21 16:55:25 INFO::Fitting model to feature number 49, nadB
2022-06-21 16:55:25 INFO::Fitting model to feature number 50, ntcA
2022-06-21 16:55:25 INFO::Fitting model to feature number 51, pipX
2022-06-21 16:55:25 INFO::Fitting model to feature number 52, speA
2022-06-21 16:55:25 INFO::Fitting model to feature number 53, speB
2022-06-21 16:55:25 INFO::Fitting model to feature number 54, amtB
2022-06-21 16:55:25 INFO::Fitting model to feature number 55, thiO
2022-06-21 16:55:25 INFO::Fitting model to feature number 56, phoA
2022-06-21 16:55:25 INFO::Fitting model to feature number 57, phoX
2022-06-21 16:55:25 INFO::Fitting model to feature number 58, PMM707
2022-06-21 16:55:25 INFO::Fitting model to feature number 59, PMM721
2022-06-21 16:55:25 INFO::Fitting model to feature number 60, acr3
2022-06-21 16:55:25 INFO::Fitting model to feature number 61, arsR
2022-06-21 16:55:25 INFO::Fitting model to feature number 62, chrA
2022-06-21 16:55:25 INFO::Fitting model to feature number 63, gap1
2022-06-21 16:55:25 INFO::Fitting model to feature number 64, mfs
2022-06-21 16:55:25 INFO::Fitting model to feature number 65, phoB
2022-06-21 16:55:25 INFO::Fitting model to feature number 66, phoE
2022-06-21 16:55:25 INFO::Fitting model to feature number 67, phoR
2022-06-21 16:55:25 INFO::Fitting model to feature number 68, ptrA
2022-06-21 16:55:25 INFO::Fitting model to feature number 69, unkP1
2022-06-21 16:55:25 INFO::Fitting model to feature number 70, unkP2
2022-06-21 16:55:25 INFO::Fitting model to feature number 71, unkP3
2022-06-21 16:55:25 INFO::Fitting model to feature number 72, unkP4
2022-06-21 16:55:25 INFO::Fitting model to feature number 73, unkP5
2022-06-21 16:55:25 INFO::Fitting model to feature number 74, PMM719
2022-06-21 16:55:25 INFO::Fitting model to feature number 75, PMM722
2022-06-21 16:55:25 INFO::Fitting model to feature number 76, phnD
2022-06-21 16:55:25 INFO::Fitting model to feature number 77, ppA
2022-06-21 16:55:25 INFO::Fitting model to feature number 78, ppK
2022-06-21 16:55:25 INFO::Fitting model to feature number 79, ppX
2022-06-21 16:55:25 INFO::Fitting model to feature number 80, pstA
2022-06-21 16:55:25 INFO::Fitting model to feature number 81, pstB
2022-06-21 16:55:25 INFO::Fitting model to feature number 82, pstC
2022-06-21 16:55:25 INFO::Fitting model to feature number 83, pstS
2022-06-21 16:55:25 INFO::Fitting model to feature number 84, sqdB
2022-06-21 16:55:25 INFO::Counting total values for each feature
2022-06-21 16:55:25 INFO::Writing residuals to file MaAsLin2_nutrient_gene/residuals.rds
2022-06-21 16:55:25 INFO::Writing fitted values to file MaAsLin2_nutrient_gene/fitted.rds
2022-06-21 16:55:25 INFO::Writing all results to file (ordered by increasing q-values): MaAsLin2_nutrient_gene/all_results.tsv
2022-06-21 16:55:25 INFO::Writing the significant results (those which are less than or equal to the threshold of 0.250000 ) to file (ordered by increasing q-values): MaAsLin2_nutrient_gene/significant_results.tsv
2022-06-21 16:55:25 INFO::Writing heatmap of significant results to file: MaAsLin2_nutrient_gene/heatmap.pdf
2022-06-21 16:55:26 INFO::Writing association plots (one for each significant association) to output folder: MaAsLin2_nutrient_gene
2022-06-21 16:55:26 INFO::Plotting associations from most to least significant, grouped by metadata
2022-06-21 16:55:26 INFO::Plotting data for metadata number 1, phosphate
2022-06-21 16:55:26 INFO::Creating scatter plot for continuous data, phosphate vs phoA
2022-06-21 16:55:27 DEBUG::`geom_smooth()` using formula 'y ~ x'
2022-06-21 16:55:27 INFO::Creating scatter plot for continuous data, phosphate vs phoR
2022-06-21 16:55:28 DEBUG::`geom_smooth()` using formula 'y ~ x'
2022-06-21 16:55:28 INFO::Creating scatter plot for continuous data, phosphate vs phoE
2022-06-21 16:55:28 DEBUG::`geom_smooth()` using formula 'y ~ x'
2022-06-21 16:55:28 INFO::Creating scatter plot for continuous data, phosphate vs chrA
2022-06-21 16:55:29 DEBUG::`geom_smooth()` using formula 'y ~ x'
2022-06-21 16:55:29 INFO::Creating scatter plot for continuous data, phosphate vs phoX
2022-06-21 16:55:29 DEBUG::`geom_smooth()` using formula 'y ~ x'
2022-06-21 16:55:29 INFO::Creating scatter plot for continuous data, phosphate vs phoB
2022-06-21 16:55:29 DEBUG::`geom_smooth()` using formula 'y ~ x'
2022-06-21 16:55:29 INFO::Creating scatter plot for continuous data, phosphate vs acr3
2022-06-21 16:55:30 DEBUG::`geom_smooth()` using formula 'y ~ x'
2022-06-21 16:55:30 INFO::Creating scatter plot for continuous data, phosphate vs PMM707
2022-06-21 16:55:30 DEBUG::`geom_smooth()` using formula 'y ~ x'
2022-06-21 16:55:30 INFO::Creating scatter plot for continuous data, phosphate vs gdhA
2022-06-21 16:55:30 DEBUG::`geom_smooth()` using formula 'y ~ x'
2022-06-21 16:55:30 INFO::Creating scatter plot for continuous data, phosphate vs unkP3
2022-06-21 16:55:30 DEBUG::`geom_smooth()` using formula 'y ~ x'
2022-06-21 16:55:30 INFO::Creating scatter plot for continuous data, phosphate vs unkP5
2022-06-21 16:55:31 DEBUG::`geom_smooth()` using formula 'y ~ x'
2022-06-21 16:55:31 INFO::Creating scatter plot for continuous data, phosphate vs ptrA
2022-06-21 16:55:31 DEBUG::`geom_smooth()` using formula 'y ~ x'
2022-06-21 16:55:31 INFO::Creating scatter plot for continuous data, phosphate vs fepC
2022-06-21 16:55:31 DEBUG::`geom_smooth()` using formula 'y ~ x'
2022-06-21 16:55:31 INFO::Creating scatter plot for continuous data, phosphate vs unkP1
2022-06-21 16:55:31 DEBUG::`geom_smooth()` using formula 'y ~ x'
2022-06-21 16:55:31 INFO::Creating scatter plot for continuous data, phosphate vs fepB
2022-06-21 16:55:32 DEBUG::`geom_smooth()` using formula 'y ~ x'
2022-06-21 16:55:32 INFO::Creating scatter plot for continuous data, phosphate vs febB
2022-06-21 16:55:32 DEBUG::`geom_smooth()` using formula 'y ~ x'
2022-06-21 16:55:32 INFO::Creating scatter plot for continuous data, phosphate vs tolQ
2022-06-21 16:55:32 DEBUG::`geom_smooth()` using formula 'y ~ x'
2022-06-21 16:55:32 INFO::Creating scatter plot for continuous data, phosphate vs arsR
2022-06-21 16:55:32 DEBUG::`geom_smooth()` using formula 'y ~ x'
2022-06-21 16:55:32 INFO::Creating scatter plot for continuous data, phosphate vs moeA
2022-06-21 16:55:33 DEBUG::`geom_smooth()` using formula 'y ~ x'
2022-06-21 16:55:33 INFO::Creating scatter plot for continuous data, phosphate vs narB
2022-06-21 16:55:33 DEBUG::`geom_smooth()` using formula 'y ~ x'
2022-06-21 16:55:33 INFO::Creating scatter plot for continuous data, phosphate vs dadA
2022-06-21 16:55:33 DEBUG::`geom_smooth()` using formula 'y ~ x'
2022-06-21 16:55:33 INFO::Creating scatter plot for continuous data, phosphate vs unkP4
