2022-06-29 20:28:15 INFO::Writing function arguments to log file
2022-06-29 20:28:15 DEBUG::Function arguments
2022-06-29 20:28:15 DEBUG::Output folder: MaAsLin_out/nutrient_gene_Ustick2021
2022-06-29 20:28:15 DEBUG::Min Abundance: 0.000000
2022-06-29 20:28:15 DEBUG::Min Prevalence: 0.100000
2022-06-29 20:28:15 DEBUG::Normalization: NONE
2022-06-29 20:28:15 DEBUG::Transform: LOG
2022-06-29 20:28:15 DEBUG::Analysis method: LM
2022-06-29 20:28:15 DEBUG::Max significance: 0.250000
2022-06-29 20:28:15 DEBUG::Random effects:
2022-06-29 20:28:15 DEBUG::Fixed effects: log_phosphate,temperature,Month,time_in_day,geo_loc_name
2022-06-29 20:28:15 DEBUG::Correction method: BH
2022-06-29 20:28:15 DEBUG::Standardize: FALSE
2022-06-29 20:28:15 DEBUG::Cores: 1
2022-06-29 20:28:15 INFO::Verifying options selected are valid
2022-06-29 20:28:15 INFO::Determining format of input files
2022-06-29 20:28:15 INFO::Input format is data samples as rows and metadata samples as rows
2022-06-29 20:28:15 DEBUG::A total of 510 samples were found in both the data and metadata
2022-06-29 20:28:15 DEBUG::Reordering data/metadata to use same sample ordering
2022-06-29 20:28:15 INFO::Formula for fixed effects: expr ~  log_phosphate + temperature + Month + time_in_day + geo_loc_name
2022-06-29 20:28:15 INFO::Filter data based on min abundance and min prevalence
2022-06-29 20:28:15 INFO::Total samples in data: 510
2022-06-29 20:28:15 INFO::Min samples required with min abundance for a feature not to be filtered: 51.000000
2022-06-29 20:28:15 INFO::Total filtered features: 0
2022-06-29 20:28:15 INFO::Filtered feature names from abundance and prevalence filtering:
2022-06-29 20:28:15 INFO::Total filtered features with variance filtering: 0
2022-06-29 20:28:15 INFO::Filtered feature names from variance filtering:
2022-06-29 20:28:15 INFO::Running selected normalization method: NONE
2022-06-29 20:28:15 INFO::Bypass z-score application to metadata
2022-06-29 20:28:15 INFO::Running selected transform method: LOG
2022-06-29 20:28:15 INFO::Running selected analysis method: LM
2022-06-29 20:28:15 INFO::Fitting model to feature number 1, cirA
2022-06-29 20:28:15 INFO::Fitting model to feature number 2, expD
2022-06-29 20:28:15 INFO::Fitting model to feature number 3, febB
2022-06-29 20:28:15 INFO::Fitting model to feature number 4, fepB
2022-06-29 20:28:15 INFO::Fitting model to feature number 5, fepC
2022-06-29 20:28:15 INFO::Fitting model to feature number 6, tolQ
2022-06-29 20:28:15 INFO::Fitting model to feature number 7, tonB
2022-06-29 20:28:15 INFO::Fitting model to feature number 8, crp1390
2022-06-29 20:28:15 INFO::Fitting model to feature number 9, PMM0804
2022-06-29 20:28:15 INFO::Fitting model to feature number 10, isiA
2022-06-29 20:28:15 INFO::Fitting model to feature number 11, dpsA
2022-06-29 20:28:15 INFO::Fitting model to feature number 12, fur
2022-06-29 20:28:15 INFO::Fitting model to feature number 13, futA
2022-06-29 20:28:15 INFO::Fitting model to feature number 14, futB
2022-06-29 20:28:15 INFO::Fitting model to feature number 15, futC
2022-06-29 20:28:15 INFO::Fitting model to feature number 16, isiB
2022-06-29 20:28:15 INFO::Fitting model to feature number 17, focA
2022-06-29 20:28:15 INFO::Fitting model to feature number 18, moaA
2022-06-29 20:28:15 INFO::Fitting model to feature number 19, moaB
2022-06-29 20:28:15 INFO::Fitting model to feature number 20, moaD
2022-06-29 20:28:15 INFO::Fitting model to feature number 21, moaE
2022-06-29 20:28:15 INFO::Fitting model to feature number 22, moeA
2022-06-29 20:28:15 INFO::Fitting model to feature number 23, narB
2022-06-29 20:28:15 INFO::Fitting model to feature number 24, moaC
2022-06-29 20:28:15 INFO::Fitting model to feature number 25, mobA
2022-06-29 20:28:15 INFO::Fitting model to feature number 26, napA
2022-06-29 20:28:15 INFO::Fitting model to feature number 27, tauE
2022-06-29 20:28:15 INFO::Fitting model to feature number 28, cynA
2022-06-29 20:28:15 INFO::Fitting model to feature number 29, cynS
2022-06-29 20:28:15 INFO::Fitting model to feature number 30, nirA
2022-06-29 20:28:15 INFO::Fitting model to feature number 31, unkN1
2022-06-29 20:28:15 INFO::Fitting model to feature number 32, unkN2
2022-06-29 20:28:15 INFO::Fitting model to feature number 33, ureA
2022-06-29 20:28:15 INFO::Fitting model to feature number 34, ureB
2022-06-29 20:28:15 INFO::Fitting model to feature number 35, ureC
2022-06-29 20:28:15 INFO::Fitting model to feature number 36, ureD
2022-06-29 20:28:16 INFO::Fitting model to feature number 37, ureE
2022-06-29 20:28:16 INFO::Fitting model to feature number 38, ureF
2022-06-29 20:28:16 INFO::Fitting model to feature number 39, ureG
2022-06-29 20:28:16 INFO::Fitting model to feature number 40, urtA
2022-06-29 20:28:16 INFO::Fitting model to feature number 41, dadA
2022-06-29 20:28:16 INFO::Fitting model to feature number 42, amt1
2022-06-29 20:28:16 INFO::Fitting model to feature number 43, carA
2022-06-29 20:28:16 INFO::Fitting model to feature number 44, carB
2022-06-29 20:28:16 INFO::Fitting model to feature number 45, gdhA
2022-06-29 20:28:16 INFO::Fitting model to feature number 46, glnA
2022-06-29 20:28:16 INFO::Fitting model to feature number 47, glnB
2022-06-29 20:28:16 INFO::Fitting model to feature number 48, glsF
2022-06-29 20:28:16 INFO::Fitting model to feature number 49, nadB
2022-06-29 20:28:16 INFO::Fitting model to feature number 50, ntcA
2022-06-29 20:28:16 INFO::Fitting model to feature number 51, pipX
2022-06-29 20:28:16 INFO::Fitting model to feature number 52, speA
2022-06-29 20:28:16 INFO::Fitting model to feature number 53, speB
2022-06-29 20:28:16 INFO::Fitting model to feature number 54, amtB
2022-06-29 20:28:16 INFO::Fitting model to feature number 55, thiO
2022-06-29 20:28:16 INFO::Fitting model to feature number 56, phoA
2022-06-29 20:28:16 INFO::Fitting model to feature number 57, phoX
2022-06-29 20:28:16 INFO::Fitting model to feature number 58, PMM707
2022-06-29 20:28:16 INFO::Fitting model to feature number 59, PMM721
2022-06-29 20:28:16 INFO::Fitting model to feature number 60, acr3
2022-06-29 20:28:16 INFO::Fitting model to feature number 61, arsR
2022-06-29 20:28:16 INFO::Fitting model to feature number 62, chrA
2022-06-29 20:28:16 INFO::Fitting model to feature number 63, gap1
2022-06-29 20:28:16 INFO::Fitting model to feature number 64, mfs
2022-06-29 20:28:16 INFO::Fitting model to feature number 65, phoB
2022-06-29 20:28:16 INFO::Fitting model to feature number 66, phoE
2022-06-29 20:28:16 INFO::Fitting model to feature number 67, phoR
2022-06-29 20:28:16 INFO::Fitting model to feature number 68, ptrA
2022-06-29 20:28:16 INFO::Fitting model to feature number 69, unkP1
2022-06-29 20:28:16 INFO::Fitting model to feature number 70, unkP2
2022-06-29 20:28:16 INFO::Fitting model to feature number 71, unkP3
2022-06-29 20:28:16 INFO::Fitting model to feature number 72, unkP4
2022-06-29 20:28:16 INFO::Fitting model to feature number 73, unkP5
2022-06-29 20:28:16 INFO::Fitting model to feature number 74, PMM719
2022-06-29 20:28:16 INFO::Fitting model to feature number 75, PMM722
2022-06-29 20:28:16 INFO::Fitting model to feature number 76, phnD
2022-06-29 20:28:16 INFO::Fitting model to feature number 77, ppA
2022-06-29 20:28:16 INFO::Fitting model to feature number 78, ppK
2022-06-29 20:28:16 INFO::Fitting model to feature number 79, ppX
2022-06-29 20:28:16 INFO::Fitting model to feature number 80, pstA
2022-06-29 20:28:16 INFO::Fitting model to feature number 81, pstB
2022-06-29 20:28:16 INFO::Fitting model to feature number 82, pstC
2022-06-29 20:28:16 INFO::Fitting model to feature number 83, pstS
2022-06-29 20:28:16 INFO::Fitting model to feature number 84, sqdB
2022-06-29 20:28:16 INFO::Counting total values for each feature
2022-06-29 20:28:16 WARNING::Deleting existing residuals file: MaAsLin_out/nutrient_gene_Ustick2021/residuals.rds
2022-06-29 20:28:16 INFO::Writing residuals to file MaAsLin_out/nutrient_gene_Ustick2021/residuals.rds
2022-06-29 20:28:16 WARNING::Deleting existing fitted file: MaAsLin_out/nutrient_gene_Ustick2021/fitted.rds
2022-06-29 20:28:16 INFO::Writing fitted values to file MaAsLin_out/nutrient_gene_Ustick2021/fitted.rds
2022-06-29 20:28:16 INFO::Writing all results to file (ordered by increasing q-values): MaAsLin_out/nutrient_gene_Ustick2021/all_results.tsv
2022-06-29 20:28:16 INFO::Writing the significant results (those which are less than or equal to the threshold of 0.250000 ) to file (ordered by increasing q-values): MaAsLin_out/nutrient_gene_Ustick2021/significant_results.tsv
2022-06-29 20:28:16 INFO::Writing heatmap of significant results to file: MaAsLin_out/nutrient_gene_Ustick2021/heatmap.pdf
2022-06-29 20:28:17 INFO::Writing association plots (one for each significant association) to output folder: MaAsLin_out/nutrient_gene_Ustick2021
2022-06-29 20:28:17 INFO::Plotting associations from most to least significant, grouped by metadata
2022-06-29 20:28:17 INFO::Plotting data for metadata number 1, temperature
2022-06-29 20:28:18 INFO::Creating scatter plot for continuous data, temperature vs ppX
2022-06-29 20:28:19 DEBUG::`geom_smooth()` using formula 'y ~ x'
2022-06-29 20:28:19 INFO::Creating scatter plot for continuous data, temperature vs sqdB
2022-06-29 20:28:20 DEBUG::`geom_smooth()` using formula 'y ~ x'
2022-06-29 20:28:20 INFO::Creating scatter plot for continuous data, temperature vs pstA
2022-06-29 20:28:20 DEBUG::`geom_smooth()` using formula 'y ~ x'
2022-06-29 20:28:20 INFO::Creating scatter plot for continuous data, temperature vs ppA
2022-06-29 20:28:21 DEBUG::`geom_smooth()` using formula 'y ~ x'
2022-06-29 20:28:21 INFO::Creating scatter plot for continuous data, temperature vs futB
2022-06-29 20:28:21 DEBUG::`geom_smooth()` using formula 'y ~ x'
2022-06-29 20:28:21 INFO::Creating scatter plot for continuous data, temperature vs speA
2022-06-29 20:28:22 DEBUG::`geom_smooth()` using formula 'y ~ x'
2022-06-29 20:28:22 INFO::Creating scatter plot for continuous data, temperature vs PMM0804
2022-06-29 20:28:22 DEBUG::`geom_smooth()` using formula 'y ~ x'
2022-06-29 20:28:22 INFO::Creating scatter plot for continuous data, temperature vs urtA
2022-06-29 20:28:22 DEBUG::`geom_smooth()` using formula 'y ~ x'
2022-06-29 20:28:22 INFO::Creating scatter plot for continuous data, temperature vs pstC
2022-06-29 20:28:22 DEBUG::`geom_smooth()` using formula 'y ~ x'
2022-06-29 20:28:22 INFO::Creating scatter plot for continuous data, temperature vs ntcA
2022-06-29 20:28:23 DEBUG::`geom_smooth()` using formula 'y ~ x'
2022-06-29 20:28:23 INFO::Creating scatter plot for continuous data, temperature vs speB
2022-06-29 20:28:23 DEBUG::`geom_smooth()` using formula 'y ~ x'
2022-06-29 20:28:23 INFO::Creating scatter plot for continuous data, temperature vs pstS
2022-06-29 20:28:23 DEBUG::`geom_smooth()` using formula 'y ~ x'
2022-06-29 20:28:23 INFO::Creating scatter plot for continuous data, temperature vs fur
2022-06-29 20:28:23 DEBUG::`geom_smooth()` using formula 'y ~ x'
2022-06-29 20:28:23 INFO::Creating scatter plot for continuous data, temperature vs futA
2022-06-29 20:28:24 DEBUG::`geom_smooth()` using formula 'y ~ x'
2022-06-29 20:28:24 INFO::Creating scatter plot for continuous data, temperature vs crp1390
2022-06-29 20:28:24 DEBUG::`geom_smooth()` using formula 'y ~ x'
2022-06-29 20:28:24 INFO::Creating scatter plot for continuous data, temperature vs pipX
2022-06-29 20:28:24 DEBUG::`geom_smooth()` using formula 'y ~ x'
2022-06-29 20:28:24 INFO::Creating scatter plot for continuous data, temperature vs ureD
2022-06-29 20:28:25 DEBUG::`geom_smooth()` using formula 'y ~ x'
2022-06-29 20:28:25 INFO::Creating scatter plot for continuous data, temperature vs ppK
2022-06-29 20:28:25 DEBUG::`geom_smooth()` using formula 'y ~ x'
2022-06-29 20:28:25 INFO::Creating scatter plot for continuous data, temperature vs isiA
2022-06-29 20:28:25 DEBUG::`geom_smooth()` using formula 'y ~ x'
2022-06-29 20:28:25 INFO::Creating scatter plot for continuous data, temperature vs thiO
2022-06-29 20:28:25 DEBUG::`geom_smooth()` using formula 'y ~ x'
2022-06-29 20:28:25 INFO::Creating scatter plot for continuous data, temperature vs ureF
2022-06-29 20:28:25 DEBUG::`geom_smooth()` using formula 'y ~ x'
2022-06-29 20:28:25 INFO::Creating scatter plot for continuous data, temperature vs carB
2022-06-29 20:28:26 DEBUG::`geom_smooth()` using formula 'y ~ x'
2022-06-29 20:28:26 INFO::Creating scatter plot for continuous data, temperature vs ureG
2022-06-29 20:28:26 DEBUG::`geom_smooth()` using formula 'y ~ x'
2022-06-29 20:28:26 INFO::Creating scatter plot for continuous data, temperature vs ureE
2022-06-29 20:28:26 DEBUG::`geom_smooth()` using formula 'y ~ x'
2022-06-29 20:28:26 INFO::Creating scatter plot for continuous data, temperature vs nadB
2022-06-29 20:28:26 DEBUG::`geom_smooth()` using formula 'y ~ x'
2022-06-29 20:28:26 INFO::Creating scatter plot for continuous data, temperature vs glsF
2022-06-29 20:28:27 DEBUG::`geom_smooth()` using formula 'y ~ x'
2022-06-29 20:28:27 INFO::Creating scatter plot for continuous data, temperature vs ureB
2022-06-29 20:28:27 DEBUG::`geom_smooth()` using formula 'y ~ x'
2022-06-29 20:28:27 INFO::Creating scatter plot for continuous data, temperature vs ureA
2022-06-29 20:28:27 DEBUG::`geom_smooth()` using formula 'y ~ x'
2022-06-29 20:28:27 INFO::Creating scatter plot for continuous data, temperature vs PMM722
2022-06-29 20:28:27 DEBUG::`geom_smooth()` using formula 'y ~ x'
2022-06-29 20:28:27 INFO::Creating scatter plot for continuous data, temperature vs pstB
2022-06-29 20:28:27 DEBUG::`geom_smooth()` using formula 'y ~ x'
2022-06-29 20:28:27 INFO::Creating scatter plot for continuous data, temperature vs ureC
2022-06-29 20:28:28 DEBUG::`geom_smooth()` using formula 'y ~ x'
2022-06-29 20:28:28 INFO::Creating scatter plot for continuous data, temperature vs dadA
2022-06-29 20:28:28 DEBUG::`geom_smooth()` using formula 'y ~ x'
2022-06-29 20:28:28 INFO::Creating scatter plot for continuous data, temperature vs isiB
2022-06-29 20:28:28 DEBUG::`geom_smooth()` using formula 'y ~ x'
2022-06-29 20:28:28 INFO::Creating scatter plot for continuous data, temperature vs PMM719
2022-06-29 20:28:28 DEBUG::`geom_smooth()` using formula 'y ~ x'
2022-06-29 20:28:28 INFO::Creating scatter plot for continuous data, temperature vs carA
2022-06-29 20:28:28 DEBUG::`geom_smooth()` using formula 'y ~ x'
2022-06-29 20:28:28 INFO::Creating scatter plot for continuous data, temperature vs unkP1
2022-06-29 20:28:29 DEBUG::`geom_smooth()` using formula 'y ~ x'
2022-06-29 20:28:29 INFO::Creating scatter plot for continuous data, temperature vs napA
2022-06-29 20:28:29 DEBUG::`geom_smooth()` using formula 'y ~ x'
2022-06-29 20:28:29 INFO::Creating scatter plot for continuous data, temperature vs cynA
2022-06-29 20:28:29 DEBUG::`geom_smooth()` using formula 'y ~ x'
2022-06-29 20:28:29 INFO::Creating scatter plot for continuous data, temperature vs gdhA
2022-06-29 20:28:29 DEBUG::`geom_smooth()` using formula 'y ~ x'
2022-06-29 20:28:29 INFO::Creating scatter plot for continuous data, temperature vs phnD
2022-06-29 20:28:29 DEBUG::`geom_smooth()` using formula 'y ~ x'
2022-06-29 20:28:29 INFO::Creating scatter plot for continuous data, temperature vs amtB
2022-06-29 20:28:30 DEBUG::`geom_smooth()` using formula 'y ~ x'
2022-06-29 20:28:30 INFO::Creating scatter plot for continuous data, temperature vs amt1
2022-06-29 20:28:30 DEBUG::`geom_smooth()` using formula 'y ~ x'
2022-06-29 20:28:30 INFO::Creating scatter plot for continuous data, temperature vs arsR
2022-06-29 20:28:30 DEBUG::`geom_smooth()` using formula 'y ~ x'
2022-06-29 20:28:30 INFO::Creating scatter plot for continuous data, temperature vs moaE
2022-06-29 20:28:30 DEBUG::`geom_smooth()` using formula 'y ~ x'
2022-06-29 20:28:30 INFO::Creating scatter plot for continuous data, temperature vs narB
2022-06-29 20:28:30 DEBUG::`geom_smooth()` using formula 'y ~ x'
2022-06-29 20:28:30 INFO::Creating scatter plot for continuous data, temperature vs PMM721
2022-06-29 20:28:31 DEBUG::`geom_smooth()` using formula 'y ~ x'
2022-06-29 20:28:31 INFO::Creating scatter plot for continuous data, temperature vs unkN1
2022-06-29 20:28:31 DEBUG::`geom_smooth()` using formula 'y ~ x'
2022-06-29 20:28:31 INFO::Creating scatter plot for continuous data, temperature vs unkP2
2022-06-29 20:28:31 DEBUG::`geom_smooth()` using formula 'y ~ x'
2022-06-29 20:28:31 INFO::Creating scatter plot for continuous data, temperature vs glnB
2022-06-29 20:28:31 DEBUG::`geom_smooth()` using formula 'y ~ x'
2022-06-29 20:28:31 INFO::Creating scatter plot for continuous data, temperature vs tauE
2022-06-29 20:28:31 DEBUG::`geom_smooth()` using formula 'y ~ x'
2022-06-29 20:28:31 INFO::Creating scatter plot for continuous data, temperature vs nirA
2022-06-29 20:28:32 DEBUG::`geom_smooth()` using formula 'y ~ x'
2022-06-29 20:28:32 INFO::Creating scatter plot for continuous data, temperature vs unkP3
2022-06-29 20:28:32 DEBUG::`geom_smooth()` using formula 'y ~ x'
2022-06-29 20:28:32 INFO::Creating scatter plot for continuous data, temperature vs focA
2022-06-29 20:28:32 DEBUG::`geom_smooth()` using formula 'y ~ x'
2022-06-29 20:28:32 INFO::Creating scatter plot for continuous data, temperature vs febB
2022-06-29 20:28:32 DEBUG::`geom_smooth()` using formula 'y ~ x'
2022-06-29 20:28:32 INFO::Creating scatter plot for continuous data, temperature vs unkP4
2022-06-29 20:28:32 DEBUG::`geom_smooth()` using formula 'y ~ x'
2022-06-29 20:28:32 INFO::Creating scatter plot for continuous data, temperature vs chrA
2022-06-29 20:28:33 DEBUG::`geom_smooth()` using formula 'y ~ x'
2022-06-29 20:28:33 INFO::Creating scatter plot for continuous data, temperature vs futC
2022-06-29 20:28:33 DEBUG::`geom_smooth()` using formula 'y ~ x'
2022-06-29 20:28:33 INFO::Creating scatter plot for continuous data, temperature vs dpsA
2022-06-29 20:28:33 DEBUG::`geom_smooth()` using formula 'y ~ x'
2022-06-29 20:28:33 INFO::Creating scatter plot for continuous data, temperature vs moaA
2022-06-29 20:28:33 DEBUG::`geom_smooth()` using formula 'y ~ x'
2022-06-29 20:28:33 INFO::Creating scatter plot for continuous data, temperature vs mfs
2022-06-29 20:28:33 DEBUG::`geom_smooth()` using formula 'y ~ x'
2022-06-29 20:28:33 INFO::Creating scatter plot for continuous data, temperature vs moaC
2022-06-29 20:28:33 DEBUG::`geom_smooth()` using formula 'y ~ x'
2022-06-29 20:28:33 INFO::Creating scatter plot for continuous data, temperature vs tolQ
2022-06-29 20:28:34 DEBUG::`geom_smooth()` using formula 'y ~ x'
2022-06-29 20:28:34 INFO::Creating scatter plot for continuous data, temperature vs moeA
2022-06-29 20:28:34 DEBUG::`geom_smooth()` using formula 'y ~ x'
2022-06-29 20:28:34 INFO::Creating scatter plot for continuous data, temperature vs unkN2
2022-06-29 20:28:34 DEBUG::`geom_smooth()` using formula 'y ~ x'
2022-06-29 20:28:34 INFO::Creating scatter plot for continuous data, temperature vs fepC
2022-06-29 20:28:34 DEBUG::`geom_smooth()` using formula 'y ~ x'
2022-06-29 20:28:34 INFO::Creating scatter plot for continuous data, temperature vs phoE
2022-06-29 20:28:34 DEBUG::`geom_smooth()` using formula 'y ~ x'
2022-06-29 20:28:34 INFO::Creating scatter plot for continuous data, temperature vs phoX
2022-06-29 20:28:35 DEBUG::`geom_smooth()` using formula 'y ~ x'
2022-06-29 20:28:35 INFO::Creating scatter plot for continuous data, temperature vs cynS
2022-06-29 20:28:35 DEBUG::`geom_smooth()` using formula 'y ~ x'
2022-06-29 20:28:35 INFO::Creating scatter plot for continuous data, temperature vs glnA
2022-06-29 20:28:35 DEBUG::`geom_smooth()` using formula 'y ~ x'
2022-06-29 20:28:35 INFO::Creating scatter plot for continuous data, temperature vs phoR
2022-06-29 20:28:35 DEBUG::`geom_smooth()` using formula 'y ~ x'
2022-06-29 20:28:35 INFO::Creating scatter plot for continuous data, temperature vs fepB
2022-06-29 20:28:35 DEBUG::`geom_smooth()` using formula 'y ~ x'
2022-06-29 20:28:38 INFO::Plotting data for metadata number 2, Month
2022-06-29 20:28:38 INFO::Creating boxplot for categorical data, Month vs mfs
2022-06-29 20:28:39 INFO::Creating boxplot for categorical data, Month vs arsR
2022-06-29 20:28:39 INFO::Creating boxplot for categorical data, Month vs gap1
2022-06-29 20:28:39 INFO::Creating boxplot for categorical data, Month vs dadA
2022-06-29 20:28:39 INFO::Creating boxplot for categorical data, Month vs ureB
2022-06-29 20:28:39 INFO::Creating boxplot for categorical data, Month vs isiB
2022-06-29 20:28:41 INFO::Creating boxplot for categorical data, Month vs PMM721
2022-06-29 20:28:41 INFO::Creating boxplot for categorical data, Month vs glnB
2022-06-29 20:28:42 INFO::Creating boxplot for categorical data, Month vs isiB
2022-06-29 20:28:42 INFO::Creating boxplot for categorical data, Month vs narB
2022-06-29 20:28:42 INFO::Creating boxplot for categorical data, Month vs isiB
2022-06-29 20:28:43 INFO::Creating boxplot for categorical data, Month vs ureA
2022-06-29 20:28:43 INFO::Creating boxplot for categorical data, Month vs glnB
2022-06-29 20:28:43 INFO::Creating boxplot for categorical data, Month vs glnB
2022-06-29 20:28:44 INFO::Creating boxplot for categorical data, Month vs pstB
2022-06-29 20:28:44 INFO::Creating boxplot for categorical data, Month vs isiB
2022-06-29 20:28:44 INFO::Creating boxplot for categorical data, Month vs ureB
2022-06-29 20:28:44 INFO::Creating boxplot for categorical data, Month vs unkP1
2022-06-29 20:28:45 INFO::Creating boxplot for categorical data, Month vs isiB
2022-06-29 20:28:45 INFO::Creating boxplot for categorical data, Month vs moaC
2022-06-29 20:28:45 INFO::Creating boxplot for categorical data, Month vs phoA
2022-06-29 20:28:45 INFO::Creating boxplot for categorical data, Month vs ureC
2022-06-29 20:28:46 INFO::Creating boxplot for categorical data, Month vs moaA
2022-06-29 20:28:46 INFO::Creating boxplot for categorical data, Month vs moaC
2022-06-29 20:28:46 INFO::Creating boxplot for categorical data, Month vs phoR
2022-06-29 20:28:46 INFO::Creating boxplot for categorical data, Month vs phoX
2022-06-29 20:28:47 INFO::Creating boxplot for categorical data, Month vs ureB
2022-06-29 20:28:47 INFO::Creating boxplot for categorical data, Month vs ureA
2022-06-29 20:28:47 INFO::Creating boxplot for categorical data, Month vs unkP2
2022-06-29 20:28:47 INFO::Creating boxplot for categorical data, Month vs moaC
2022-06-29 20:28:47 INFO::Creating boxplot for categorical data, Month vs gdhA
2022-06-29 20:28:48 INFO::Creating boxplot for categorical data, Month vs phoR
2022-06-29 20:28:48 INFO::Creating boxplot for categorical data, Month vs moaC
2022-06-29 20:28:48 INFO::Creating boxplot for categorical data, Month vs phoE
2022-06-29 20:28:48 INFO::Creating boxplot for categorical data, Month vs urtA
2022-06-29 20:28:49 INFO::Creating boxplot for categorical data, Month vs phoR
2022-06-29 20:28:49 INFO::Creating boxplot for categorical data, Month vs moaA
2022-06-29 20:28:49 INFO::Creating boxplot for categorical data, Month vs phoX
2022-06-29 20:28:49 INFO::Creating boxplot for categorical data, Month vs napA
2022-06-29 20:28:50 INFO::Creating boxplot for categorical data, Month vs isiB
2022-06-29 20:28:50 INFO::Creating boxplot for categorical data, Month vs ureB
2022-06-29 20:28:50 INFO::Creating boxplot for categorical data, Month vs moaA
2022-06-29 20:28:50 INFO::Creating boxplot for categorical data, Month vs futC
2022-06-29 20:28:50 INFO::Creating boxplot for categorical data, Month vs moaB
2022-06-29 20:28:51 INFO::Creating boxplot for categorical data, Month vs unkP1
2022-06-29 20:28:51 INFO::Creating boxplot for categorical data, Month vs phoX
2022-06-29 20:28:51 INFO::Creating boxplot for categorical data, Month vs pstB
2022-06-29 20:28:51 INFO::Creating boxplot for categorical data, Month vs moeA
2022-06-29 20:28:52 INFO::Creating boxplot for categorical data, Month vs phoA
2022-06-29 20:28:52 INFO::Creating boxplot for categorical data, Month vs moaA
2022-06-29 20:28:52 INFO::Creating boxplot for categorical data, Month vs unkP3
2022-06-29 20:28:52 INFO::Creating boxplot for categorical data, Month vs unkP3
2022-06-29 20:28:53 INFO::Creating boxplot for categorical data, Month vs isiB
2022-06-29 20:28:53 INFO::Creating boxplot for categorical data, Month vs moaE
2022-06-29 20:28:53 INFO::Creating boxplot for categorical data, Month vs phoE
2022-06-29 20:28:53 INFO::Creating boxplot for categorical data, Month vs glnB
2022-06-29 20:28:54 INFO::Creating boxplot for categorical data, Month vs PMM719
2022-06-29 20:28:54 INFO::Creating boxplot for categorical data, Month vs phoB
2022-06-29 20:28:54 INFO::Creating boxplot for categorical data, Month vs moaB
2022-06-29 20:28:54 INFO::Creating boxplot for categorical data, Month vs glnA
2022-06-29 20:28:55 INFO::Creating boxplot for categorical data, Month vs gdhA
2022-06-29 20:28:55 INFO::Creating boxplot for categorical data, Month vs gdhA
2022-06-29 20:28:55 INFO::Creating boxplot for categorical data, Month vs moaB
2022-06-29 20:28:55 INFO::Creating boxplot for categorical data, Month vs gdhA
2022-06-29 20:28:56 INFO::Creating boxplot for categorical data, Month vs glnB
2022-06-29 20:28:56 INFO::Creating boxplot for categorical data, Month vs phoA
2022-06-29 20:28:56 INFO::Creating boxplot for categorical data, Month vs chrA
2022-06-29 20:28:56 INFO::Creating boxplot for categorical data, Month vs phoE
2022-06-29 20:28:56 INFO::Creating boxplot for categorical data, Month vs phoX
2022-06-29 20:28:57 INFO::Creating boxplot for categorical data, Month vs phoR
2022-06-29 20:28:57 INFO::Creating boxplot for categorical data, Month vs arsR
2022-06-29 20:28:57 INFO::Creating boxplot for categorical data, Month vs ureB
2022-06-29 20:28:57 INFO::Creating boxplot for categorical data, Month vs unkP3
2022-06-29 20:28:58 INFO::Creating boxplot for categorical data, Month vs moeA
2022-06-29 20:28:58 INFO::Creating boxplot for categorical data, Month vs chrA
2022-06-29 20:28:58 INFO::Creating boxplot for categorical data, Month vs ureA
2022-06-29 20:28:58 INFO::Creating boxplot for categorical data, Month vs glnB
2022-06-29 20:28:59 INFO::Creating boxplot for categorical data, Month vs phoB
2022-06-29 20:28:59 INFO::Creating boxplot for categorical data, Month vs ppA
2022-06-29 20:28:59 INFO::Creating boxplot for categorical data, Month vs nirA
2022-06-29 20:28:59 INFO::Creating boxplot for categorical data, Month vs ureD
2022-06-29 20:29:00 INFO::Creating boxplot for categorical data, Month vs futC
2022-06-29 20:29:00 INFO::Creating boxplot for categorical data, Month vs urtA
2022-06-29 20:29:00 INFO::Creating boxplot for categorical data, Month vs phoB
2022-06-29 20:29:00 INFO::Creating boxplot for categorical data, Month vs moeA
2022-06-29 20:29:01 INFO::Creating boxplot for categorical data, Month vs PMM707
2022-06-29 20:29:01 INFO::Creating boxplot for categorical data, Month vs moaA
2022-06-29 20:29:01 INFO::Creating boxplot for categorical data, Month vs ureD
2022-06-29 20:29:01 INFO::Creating boxplot for categorical data, Month vs phoX
2022-06-29 20:29:02 INFO::Creating boxplot for categorical data, Month vs fepB
2022-06-29 20:29:02 INFO::Creating boxplot for categorical data, Month vs tonB
2022-06-29 20:29:02 INFO::Creating boxplot for categorical data, Month vs ureG
2022-06-29 20:29:02 INFO::Creating boxplot for categorical data, Month vs glsF
2022-06-29 20:29:03 INFO::Creating boxplot for categorical data, Month vs ureC
2022-06-29 20:29:03 INFO::Creating boxplot for categorical data, Month vs ureF
2022-06-29 20:29:03 INFO::Creating boxplot for categorical data, Month vs nirA
2022-06-29 20:29:03 INFO::Creating boxplot for categorical data, Month vs ureG
2022-06-29 20:29:03 INFO::Creating boxplot for categorical data, Month vs arsR
2022-06-29 20:29:04 INFO::Creating boxplot for categorical data, Month vs urtA
2022-06-29 20:29:04 INFO::Creating boxplot for categorical data, Month vs phoE
2022-06-29 20:29:04 INFO::Creating boxplot for categorical data, Month vs moeA
2022-06-29 20:29:04 INFO::Creating boxplot for categorical data, Month vs cynS
2022-06-29 20:29:05 INFO::Creating boxplot for categorical data, Month vs ureC
2022-06-29 20:29:05 INFO::Creating boxplot for categorical data, Month vs ureD
2022-06-29 20:29:05 INFO::Creating boxplot for categorical data, Month vs isiB
2022-06-29 20:29:05 INFO::Creating boxplot for categorical data, Month vs PMM719
2022-06-29 20:29:06 INFO::Creating boxplot for categorical data, Month vs ureA
2022-06-29 20:29:06 INFO::Creating boxplot for categorical data, Month vs narB
2022-06-29 20:29:06 INFO::Creating boxplot for categorical data, Month vs glsF
2022-06-29 20:29:06 INFO::Creating boxplot for categorical data, Month vs phoA
2022-06-29 20:29:07 INFO::Creating boxplot for categorical data, Month vs napA
2022-06-29 20:29:07 INFO::Creating boxplot for categorical data, Month vs moaB
2022-06-29 20:29:07 INFO::Creating boxplot for categorical data, Month vs ureB
2022-06-29 20:29:07 INFO::Creating boxplot for categorical data, Month vs carA
2022-06-29 20:29:07 INFO::Creating boxplot for categorical data, Month vs moaE
2022-06-29 20:29:08 INFO::Creating boxplot for categorical data, Month vs phoB
2022-06-29 20:29:08 INFO::Creating boxplot for categorical data, Month vs unkP3
2022-06-29 20:29:08 INFO::Creating boxplot for categorical data, Month vs phoE
2022-06-29 20:29:08 INFO::Creating boxplot for categorical data, Month vs fepC
2022-06-29 20:29:09 INFO::Creating boxplot for categorical data, Month vs phoR
2022-06-29 20:29:09 INFO::Creating boxplot for categorical data, Month vs PMM719
2022-06-29 20:29:09 INFO::Creating boxplot for categorical data, Month vs phoB
2022-06-29 20:29:09 INFO::Creating boxplot for categorical data, Month vs cynA
2022-06-29 20:29:10 INFO::Creating boxplot for categorical data, Month vs unkP1
2022-06-29 20:29:10 INFO::Creating boxplot for categorical data, Month vs chrA
2022-06-29 20:29:10 INFO::Creating boxplot for categorical data, Month vs ureG
2022-06-29 20:29:10 INFO::Creating boxplot for categorical data, Month vs ppK
2022-06-29 20:29:11 INFO::Creating boxplot for categorical data, Month vs fepC
2022-06-29 20:29:11 INFO::Creating boxplot for categorical data, Month vs ureE
2022-06-29 20:29:11 INFO::Creating boxplot for categorical data, Month vs futB
2022-06-29 20:29:11 INFO::Creating boxplot for categorical data, Month vs unkN1
2022-06-29 20:29:12 INFO::Creating boxplot for categorical data, Month vs speB
2022-06-29 20:29:12 INFO::Creating boxplot for categorical data, Month vs PMM707
2022-06-29 20:29:12 INFO::Creating boxplot for categorical data, Month vs febB
2022-06-29 20:29:12 INFO::Creating boxplot for categorical data, Month vs unkP5
2022-06-29 20:29:13 INFO::Creating boxplot for categorical data, Month vs futC
2022-06-29 20:29:13 INFO::Creating boxplot for categorical data, Month vs moaE
2022-06-29 20:29:13 INFO::Creating boxplot for categorical data, Month vs pstB
2022-06-29 20:29:13 INFO::Creating boxplot for categorical data, Month vs moaE
2022-06-29 20:29:14 INFO::Creating boxplot for categorical data, Month vs PMM719
2022-06-29 20:29:14 INFO::Creating boxplot for categorical data, Month vs moeA
2022-06-29 20:29:14 INFO::Creating boxplot for categorical data, Month vs unkP3
2022-06-29 20:29:14 INFO::Creating boxplot for categorical data, Month vs ureF
2022-06-29 20:29:14 INFO::Creating boxplot for categorical data, Month vs ureF
2022-06-29 20:29:15 INFO::Creating boxplot for categorical data, Month vs nirA
2022-06-29 20:29:15 INFO::Creating boxplot for categorical data, Month vs gdhA
2022-06-29 20:29:15 INFO::Creating boxplot for categorical data, Month vs fepC
2022-06-29 20:29:15 INFO::Creating boxplot for categorical data, Month vs crp1390
2022-06-29 20:29:16 INFO::Creating boxplot for categorical data, Month vs tonB
2022-06-29 20:29:16 INFO::Creating boxplot for categorical data, Month vs febB
2022-06-29 20:29:16 INFO::Creating boxplot for categorical data, Month vs glnA
2022-06-29 20:29:16 INFO::Creating boxplot for categorical data, Month vs mfs
2022-06-29 20:29:17 INFO::Creating boxplot for categorical data, Month vs fepB
2022-06-29 20:29:17 INFO::Creating boxplot for categorical data, Month vs ureC
2022-06-29 20:29:17 INFO::Creating boxplot for categorical data, Month vs ureA
2022-06-29 20:29:17 INFO::Creating boxplot for categorical data, Month vs cirA
2022-06-29 20:29:18 INFO::Creating boxplot for categorical data, Month vs fepB
2022-06-29 20:29:18 INFO::Creating boxplot for categorical data, Month vs ureE
2022-06-29 20:29:18 INFO::Creating boxplot for categorical data, Month vs ureE
2022-06-29 20:29:18 INFO::Creating boxplot for categorical data, Month vs pstB
2022-06-29 20:29:19 INFO::Creating boxplot for categorical data, Month vs amtB
2022-06-29 20:29:19 INFO::Creating boxplot for categorical data, Month vs unkP5
2022-06-29 20:29:19 INFO::Creating boxplot for categorical data, Month vs ppA
2022-06-29 20:29:19 INFO::Creating boxplot for categorical data, Month vs tonB
2022-06-29 20:29:19 INFO::Creating boxplot for categorical data, Month vs ureB
2022-06-29 20:29:20 INFO::Creating boxplot for categorical data, Month vs glnB
2022-06-29 20:29:20 INFO::Creating boxplot for categorical data, Month vs ppA
2022-06-29 20:29:20 INFO::Creating boxplot for categorical data, Month vs moaB
2022-06-29 20:29:20 INFO::Creating boxplot for categorical data, Month vs dpsA
2022-06-29 20:29:21 INFO::Creating boxplot for categorical data, Month vs ppK
2022-06-29 20:29:21 INFO::Creating boxplot for categorical data, Month vs tolQ
2022-06-29 20:29:21 INFO::Creating boxplot for categorical data, Month vs thiO
2022-06-29 20:29:21 INFO::Creating boxplot for categorical data, Month vs phoA
2022-06-29 20:29:22 INFO::Creating boxplot for categorical data, Month vs moaC
2022-06-29 20:29:22 INFO::Creating boxplot for categorical data, Month vs PMM722
2022-06-29 20:29:22 INFO::Creating boxplot for categorical data, Month vs carB
2022-06-29 20:29:22 INFO::Creating boxplot for categorical data, Month vs unkP2
2022-06-29 20:29:23 INFO::Creating boxplot for categorical data, Month vs amtB
2022-06-29 20:29:23 INFO::Creating boxplot for categorical data, Month vs ntcA
2022-06-29 20:29:23 INFO::Creating boxplot for categorical data, Month vs PMM707
2022-06-29 20:29:23 INFO::Creating boxplot for categorical data, Month vs nirA
2022-06-29 20:29:24 INFO::Creating boxplot for categorical data, Month vs ureG
2022-06-29 20:29:24 INFO::Creating boxplot for categorical data, Month vs PMM707
2022-06-29 20:29:24 INFO::Creating boxplot for categorical data, Month vs ureA
2022-06-29 20:29:24 INFO::Creating boxplot for categorical data, Month vs pstS
2022-06-29 20:29:25 INFO::Creating boxplot for categorical data, Month vs unkP2
2022-06-29 20:29:25 INFO::Creating boxplot for categorical data, Month vs unkP1
2022-06-29 20:29:25 INFO::Creating boxplot for categorical data, Month vs speA
2022-06-29 20:29:25 INFO::Creating boxplot for categorical data, Month vs moaA
2022-06-29 20:29:25 INFO::Creating boxplot for categorical data, Month vs phoR
2022-06-29 20:29:26 INFO::Creating boxplot for categorical data, Month vs cynA
2022-06-29 20:29:26 INFO::Creating boxplot for categorical data, Month vs fepC
2022-06-29 20:29:26 INFO::Creating boxplot for categorical data, Month vs acr3
2022-06-29 20:29:26 INFO::Creating boxplot for categorical data, Month vs phoE
2022-06-29 20:29:27 INFO::Creating boxplot for categorical data, Month vs unkP5
2022-06-29 20:29:27 INFO::Creating boxplot for categorical data, Month vs focA
2022-06-29 20:29:27 INFO::Creating boxplot for categorical data, Month vs moaC
2022-06-29 20:29:27 INFO::Creating boxplot for categorical data, Month vs fur
2022-06-29 20:29:28 INFO::Creating boxplot for categorical data, Month vs focA
2022-06-29 20:29:28 INFO::Creating boxplot for categorical data, Month vs chrA
2022-06-29 20:29:28 INFO::Creating boxplot for categorical data, Month vs unkP5
2022-06-29 20:29:28 INFO::Creating boxplot for categorical data, Month vs futC
2022-06-29 20:29:29 INFO::Creating boxplot for categorical data, Month vs arsR
2022-06-29 20:29:29 INFO::Creating boxplot for categorical data, Month vs glnB
2022-06-29 20:29:29 INFO::Creating boxplot for categorical data, Month vs crp1390
2022-06-29 20:29:29 INFO::Creating boxplot for categorical data, Month vs narB
2022-06-29 20:29:30 INFO::Creating boxplot for categorical data, Month vs thiO
2022-06-29 20:29:30 INFO::Creating boxplot for categorical data, Month vs phoA
2022-06-29 20:29:30 INFO::Creating boxplot for categorical data, Month vs tolQ
2022-06-29 20:29:30 INFO::Creating boxplot for categorical data, Month vs carB
2022-06-29 20:29:31 INFO::Creating boxplot for categorical data, Month vs ptrA
2022-06-29 20:29:31 INFO::Creating boxplot for categorical data, Month vs ureF
2022-06-29 20:29:31 INFO::Creating boxplot for categorical data, Month vs ureD
2022-06-29 20:29:31 INFO::Creating boxplot for categorical data, Month vs speA
2022-06-29 20:29:32 INFO::Creating boxplot for categorical data, Month vs ppX
2022-06-29 20:29:32 INFO::Creating boxplot for categorical data, Month vs acr3
2022-06-29 20:29:32 INFO::Creating boxplot for categorical data, Month vs focA
2022-06-29 20:29:32 INFO::Creating boxplot for categorical data, Month vs gap1
2022-06-29 20:29:32 INFO::Creating boxplot for categorical data, Month vs moaD
2022-06-29 20:29:33 INFO::Creating boxplot for categorical data, Month vs unkP1
2022-06-29 20:29:33 INFO::Creating boxplot for categorical data, Month vs thiO
2022-06-29 20:29:33 INFO::Creating boxplot for categorical data, Month vs isiA
2022-06-29 20:29:33 INFO::Creating boxplot for categorical data, Month vs ppK
2022-06-29 20:29:34 INFO::Creating boxplot for categorical data, Month vs focA
2022-06-29 20:29:34 INFO::Creating boxplot for categorical data, Month vs unkN1
2022-06-29 20:29:34 INFO::Creating boxplot for categorical data, Month vs ureC
2022-06-29 20:29:34 INFO::Creating boxplot for categorical data, Month vs unkP2
2022-06-29 20:29:35 INFO::Creating boxplot for categorical data, Month vs pstA
2022-06-29 20:29:35 INFO::Creating boxplot for categorical data, Month vs unkN1
2022-06-29 20:29:35 INFO::Creating boxplot for categorical data, Month vs moaA
2022-06-29 20:29:35 INFO::Creating boxplot for categorical data, Month vs moaE
2022-06-29 20:29:36 INFO::Creating boxplot for categorical data, Month vs isiA
2022-06-29 20:29:36 INFO::Creating boxplot for categorical data, Month vs tolQ
2022-06-29 20:29:36 INFO::Creating boxplot for categorical data, Month vs unkN1
2022-06-29 20:29:36 INFO::Creating boxplot for categorical data, Month vs cynS
2022-06-29 20:29:37 INFO::Creating boxplot for categorical data, Month vs urtA
2022-06-29 20:29:37 INFO::Creating boxplot for categorical data, Month vs glsF
2022-06-29 20:29:37 INFO::Creating boxplot for categorical data, Month vs thiO
2022-06-29 20:29:37 INFO::Creating boxplot for categorical data, Month vs moaB
2022-06-29 20:29:38 INFO::Creating boxplot for categorical data, Month vs nirA
2022-06-29 20:29:38 INFO::Creating boxplot for categorical data, Month vs isiA
2022-06-29 20:29:38 INFO::Creating boxplot for categorical data, Month vs PMM707
2022-06-29 20:29:38 INFO::Creating boxplot for categorical data, Month vs napA
2022-06-29 20:29:39 INFO::Creating boxplot for categorical data, Month vs phoE
2022-06-29 20:29:39 INFO::Creating boxplot for categorical data, Month vs dadA
2022-06-29 20:29:39 INFO::Creating boxplot for categorical data, Month vs glnA
2022-06-29 20:29:39 INFO::Creating boxplot for categorical data, Month vs ntcA
2022-06-29 20:29:40 INFO::Creating boxplot for categorical data, Month vs futA
2022-06-29 20:29:40 INFO::Creating boxplot for categorical data, Month vs ureE
2022-06-29 20:29:40 INFO::Creating boxplot for categorical data, Month vs unkP2
2022-06-29 20:29:40 INFO::Creating boxplot for categorical data, Month vs cirA
2022-06-29 20:29:40 INFO::Creating boxplot for categorical data, Month vs unkP3
2022-06-29 20:29:41 INFO::Creating boxplot for categorical data, Month vs mfs
2022-06-29 20:29:41 INFO::Creating boxplot for categorical data, Month vs unkP4
2022-06-29 20:29:41 INFO::Creating boxplot for categorical data, Month vs fur
2022-06-29 20:29:41 INFO::Creating boxplot for categorical data, Month vs ppK
2022-06-29 20:29:42 INFO::Creating boxplot for categorical data, Month vs PMM0804
2022-06-29 20:29:42 INFO::Creating boxplot for categorical data, Month vs glnA
2022-06-29 20:29:42 INFO::Creating boxplot for categorical data, Month vs PMM719
2022-06-29 20:29:42 INFO::Creating boxplot for categorical data, Month vs ppX
2022-06-29 20:29:43 INFO::Creating boxplot for categorical data, Month vs ureD
2022-06-29 20:29:43 INFO::Creating boxplot for categorical data, Month vs PMM721
2022-06-29 20:29:43 INFO::Creating boxplot for categorical data, Month vs PMM722
2022-06-29 20:29:43 INFO::Creating boxplot for categorical data, Month vs expD
2022-06-29 20:29:44 INFO::Creating boxplot for categorical data, Month vs unkP5
2022-06-29 20:29:44 INFO::Creating boxplot for categorical data, Month vs pstA
2022-06-29 20:29:44 INFO::Creating boxplot for categorical data, Month vs amtB
2022-06-29 20:29:44 INFO::Creating boxplot for categorical data, Month vs ureD
2022-06-29 20:29:45 INFO::Creating boxplot for categorical data, Month vs moaC
2022-06-29 20:29:45 INFO::Creating boxplot for categorical data, Month vs mfs
2022-06-29 20:29:45 INFO::Creating boxplot for categorical data, Month vs ppA
2022-06-29 20:29:45 INFO::Creating boxplot for categorical data, Month vs pstS
2022-06-29 20:29:46 INFO::Creating boxplot for categorical data, Month vs phoR
2022-06-29 20:29:46 INFO::Creating boxplot for categorical data, Month vs febB
2022-06-29 20:29:46 INFO::Creating boxplot for categorical data, Month vs moaD
2022-06-29 20:29:46 INFO::Creating boxplot for categorical data, Month vs pstB
2022-06-29 20:29:47 INFO::Creating boxplot for categorical data, Month vs sqdB
2022-06-29 20:29:47 INFO::Creating boxplot for categorical data, Month vs moeA
2022-06-29 20:29:47 INFO::Creating boxplot for categorical data, Month vs crp1390
2022-06-29 20:29:47 INFO::Creating boxplot for categorical data, Month vs arsR
2022-06-29 20:29:47 INFO::Creating boxplot for categorical data, Month vs unkP2
2022-06-29 20:29:48 INFO::Creating boxplot for categorical data, Month vs dpsA
2022-06-29 20:29:48 INFO::Creating boxplot for categorical data, Month vs PMM707
2022-06-29 20:29:48 INFO::Creating boxplot for categorical data, Month vs arsR
2022-06-29 20:29:48 INFO::Creating boxplot for categorical data, Month vs chrA
2022-06-29 20:29:49 INFO::Creating boxplot for categorical data, Month vs pstC
2022-06-29 20:29:49 INFO::Creating boxplot for categorical data, Month vs phoX
2022-06-29 20:29:49 INFO::Creating boxplot for categorical data, Month vs ptrA
2022-06-29 20:29:49 INFO::Creating boxplot for categorical data, Month vs phoX
2022-06-29 20:29:50 INFO::Creating boxplot for categorical data, Month vs chrA
2022-06-29 20:29:50 INFO::Creating boxplot for categorical data, Month vs narB
2022-06-29 20:29:50 INFO::Creating boxplot for categorical data, Month vs napA
2022-06-29 20:29:50 INFO::Creating boxplot for categorical data, Month vs pstA
2022-06-29 20:29:51 INFO::Creating boxplot for categorical data, Month vs speA
2022-06-29 20:29:51 INFO::Creating boxplot for categorical data, Month vs futC
2022-06-29 20:29:51 INFO::Creating boxplot for categorical data, Month vs phoB
2022-06-29 20:29:51 INFO::Creating boxplot for categorical data, Month vs amtB
2022-06-29 20:29:52 INFO::Creating boxplot for categorical data, Month vs futB
2022-06-29 20:29:52 INFO::Creating boxplot for categorical data, Month vs unkP4
2022-06-29 20:29:52 INFO::Creating boxplot for categorical data, Month vs PMM721
2022-06-29 20:29:52 INFO::Creating boxplot for categorical data, Month vs ptrA
2022-06-29 20:29:53 INFO::Creating boxplot for categorical data, Month vs acr3
2022-06-29 20:29:53 INFO::Creating boxplot for categorical data, Month vs cynA
2022-06-29 20:29:53 INFO::Creating boxplot for categorical data, Month vs unkN2
2022-06-29 20:29:53 INFO::Creating boxplot for categorical data, Month vs unkN1
2022-06-29 20:29:54 INFO::Creating boxplot for categorical data, Month vs PMM722
2022-06-29 20:29:54 INFO::Creating boxplot for categorical data, Month vs PMM721
2022-06-29 20:29:54 INFO::Creating boxplot for categorical data, Month vs futA
2022-06-29 20:29:54 INFO::Creating boxplot for categorical data, Month vs fepC
2022-06-29 20:29:55 INFO::Creating boxplot for categorical data, Month vs isiA
2022-06-29 20:29:55 INFO::Creating boxplot for categorical data, Month vs phoB
2022-06-29 20:29:55 INFO::Creating boxplot for categorical data, Month vs pstB
2022-06-29 20:29:55 INFO::Creating boxplot for categorical data, Month vs PMM0804
2022-06-29 20:29:56 INFO::Creating boxplot for categorical data, Month vs PMM719
2022-06-29 20:29:56 INFO::Creating boxplot for categorical data, Month vs carA
2022-06-29 20:29:56 INFO::Creating boxplot for categorical data, Month vs napA
2022-06-29 20:29:56 INFO::Creating boxplot for categorical data, Month vs futB
2022-06-29 20:29:57 INFO::Creating boxplot for categorical data, Month vs ppK
2022-06-29 20:29:57 INFO::Creating boxplot for categorical data, Month vs moaE
2022-06-29 20:29:57 INFO::Creating boxplot for categorical data, Month vs fepB
2022-06-29 20:29:57 INFO::Creating boxplot for categorical data, Month vs moeA
2022-06-29 20:29:58 INFO::Creating boxplot for categorical data, Month vs pstB
2022-06-29 20:29:58 INFO::Creating boxplot for categorical data, Month vs carA
2022-06-29 20:29:58 INFO::Creating boxplot for categorical data, Month vs tonB
2022-06-29 20:29:59 INFO::Creating boxplot for categorical data, Month vs phnD
2022-06-29 20:29:59 INFO::Creating boxplot for categorical data, Month vs unkP4
2022-06-29 20:29:59 INFO::Creating boxplot for categorical data, Month vs carA
2022-06-29 20:29:59 INFO::Creating boxplot for categorical data, Month vs moaB
2022-06-29 20:30:00 INFO::Creating boxplot for categorical data, Month vs gap1
2022-06-29 20:30:00 INFO::Creating boxplot for categorical data, Month vs mobA
2022-06-29 20:30:00 INFO::Creating boxplot for categorical data, Month vs unkP2
2022-06-29 20:30:00 INFO::Creating boxplot for categorical data, Month vs moaE
2022-06-29 20:30:01 INFO::Creating boxplot for categorical data, Month vs unkP4
2022-06-29 20:30:01 INFO::Creating boxplot for categorical data, Month vs ntcA
2022-06-29 20:30:01 INFO::Creating boxplot for categorical data, Month vs amtB
2022-06-29 20:30:01 INFO::Creating boxplot for categorical data, Month vs urtA
2022-06-29 20:30:02 INFO::Creating boxplot for categorical data, Month vs tauE
2022-06-29 20:30:02 INFO::Creating boxplot for categorical data, Month vs gap1
2022-06-29 20:30:02 INFO::Creating boxplot for categorical data, Month vs unkP2
2022-06-29 20:30:02 INFO::Creating boxplot for categorical data, Month vs sqdB
2022-06-29 20:30:03 INFO::Creating boxplot for categorical data, Month vs gdhA
2022-06-29 20:30:03 INFO::Creating boxplot for categorical data, Month vs dadA
2022-06-29 20:30:03 INFO::Creating boxplot for categorical data, Month vs tonB
2022-06-29 20:30:03 INFO::Creating boxplot for categorical data, Month vs unkP5
2022-06-29 20:30:04 INFO::Creating boxplot for categorical data, Month vs pstB
2022-06-29 20:30:04 INFO::Creating boxplot for categorical data, Month vs ureC
2022-06-29 20:30:04 INFO::Creating boxplot for categorical data, Month vs unkN1
2022-06-29 20:30:04 INFO::Creating boxplot for categorical data, Month vs pipX
2022-06-29 20:30:05 INFO::Creating boxplot for categorical data, Month vs glnA
2022-06-29 20:30:05 INFO::Creating boxplot for categorical data, Month vs ppK
2022-06-29 20:30:05 INFO::Creating boxplot for categorical data, Month vs ureE
2022-06-29 20:30:05 INFO::Creating boxplot for categorical data, Month vs unkN2
2022-06-29 20:30:05 INFO::Creating boxplot for categorical data, Month vs ureA
2022-06-29 20:30:06 INFO::Creating boxplot for categorical data, Month vs ureE
2022-06-29 20:30:06 INFO::Creating boxplot for categorical data, Month vs mobA
2022-06-29 20:30:06 INFO::Creating boxplot for categorical data, Month vs ptrA
2022-06-29 20:30:06 INFO::Creating boxplot for categorical data, Month vs febB
2022-06-29 20:30:07 INFO::Creating boxplot for categorical data, Month vs acr3
2022-06-29 20:30:08 INFO::Creating boxplot for categorical data, Month vs cynS
2022-06-29 20:30:08 INFO::Creating boxplot for categorical data, Month vs pstS
2022-06-29 20:30:08 INFO::Creating boxplot for categorical data, Month vs amtB
2022-06-29 20:30:08 INFO::Creating boxplot for categorical data, Month vs pipX
2022-06-29 20:30:09 INFO::Creating boxplot for categorical data, Month vs ppK
2022-06-29 20:30:09 INFO::Creating boxplot for categorical data, Month vs dpsA
2022-06-29 20:30:09 INFO::Creating boxplot for categorical data, Month vs cynA
2022-06-29 20:30:09 INFO::Creating boxplot for categorical data, Month vs PMM721
2022-06-29 20:30:09 INFO::Creating boxplot for categorical data, Month vs ppX
2022-06-29 20:30:10 INFO::Creating boxplot for categorical data, Month vs fur
2022-06-29 20:30:10 INFO::Creating boxplot for categorical data, Month vs urtA
2022-06-29 20:30:10 INFO::Creating boxplot for categorical data, Month vs futA
2022-06-29 20:30:10 INFO::Creating boxplot for categorical data, Month vs amt1
2022-06-29 20:30:11 INFO::Creating boxplot for categorical data, Month vs fur
2022-06-29 20:30:11 INFO::Creating boxplot for categorical data, Month vs moaD
2022-06-29 20:30:11 INFO::Creating boxplot for categorical data, Month vs cirA
2022-06-29 20:30:11 INFO::Creating boxplot for categorical data, Month vs speB
2022-06-29 20:30:11 INFO::Creating boxplot for categorical data, Month vs PMM0804
2022-06-29 20:30:12 INFO::Creating boxplot for categorical data, Month vs speB
2022-06-29 20:30:12 INFO::Creating boxplot for categorical data, Month vs PMM707
2022-06-29 20:30:12 INFO::Creating boxplot for categorical data, Month vs unkP1
2022-06-29 20:30:12 INFO::Creating boxplot for categorical data, Month vs dadA
2022-06-29 20:30:13 INFO::Creating boxplot for categorical data, Month vs ppX
2022-06-29 20:30:13 INFO::Creating boxplot for categorical data, Month vs moaE
2022-06-29 20:30:13 INFO::Creating boxplot for categorical data, Month vs ureC
2022-06-29 20:30:13 INFO::Creating boxplot for categorical data, Month vs ureF
2022-06-29 20:30:13 INFO::Creating boxplot for categorical data, Month vs tonB
2022-06-29 20:30:14 INFO::Creating boxplot for categorical data, Month vs fepC
2022-06-29 20:30:14 INFO::Creating boxplot for categorical data, Month vs moaD
2022-06-29 20:30:14 INFO::Creating boxplot for categorical data, Month vs phoA
2022-06-29 20:30:14 INFO::Creating boxplot for categorical data, Month vs expD
2022-06-29 20:30:15 INFO::Creating boxplot for categorical data, Month vs arsR
2022-06-29 20:30:15 INFO::Creating boxplot for categorical data, Month vs nirA
2022-06-29 20:30:15 INFO::Creating boxplot for categorical data, Month vs fepB
2022-06-29 20:30:15 INFO::Creating boxplot for categorical data, Month vs urtA
2022-06-29 20:30:16 INFO::Creating boxplot for categorical data, Month vs ntcA
2022-06-29 20:30:16 INFO::Creating boxplot for categorical data, Month vs amtB
2022-06-29 20:30:16 INFO::Creating boxplot for categorical data, Month vs pstC
2022-06-29 20:30:16 INFO::Creating boxplot for categorical data, Month vs nadB
2022-06-29 20:30:16 INFO::Creating boxplot for categorical data, Month vs moaD
2022-06-29 20:30:17 INFO::Creating boxplot for categorical data, Month vs phoA
2022-06-29 20:30:17 INFO::Creating boxplot for categorical data, Month vs pipX
2022-06-29 20:30:17 INFO::Creating boxplot for categorical data, Month vs narB
2022-06-29 20:30:17 INFO::Creating boxplot for categorical data, Month vs ureF
2022-06-29 20:30:18 INFO::Creating boxplot for categorical data, Month vs dadA
2022-06-29 20:30:18 INFO::Creating boxplot for categorical data, Month vs phoX
2022-06-29 20:30:18 INFO::Creating boxplot for categorical data, Month vs focA
2022-06-29 20:30:18 INFO::Creating boxplot for categorical data, Month vs nadB
2022-06-29 20:30:19 INFO::Creating boxplot for categorical data, Month vs PMM722
2022-06-29 20:30:19 INFO::Creating boxplot for categorical data, Month vs PMM722
2022-06-29 20:30:19 INFO::Creating boxplot for categorical data, Month vs sqdB
2022-06-29 20:30:19 INFO::Creating boxplot for categorical data, Month vs futB
2022-06-29 20:30:19 INFO::Creating boxplot for categorical data, Month vs moaD
2022-06-29 20:30:20 INFO::Creating boxplot for categorical data, Month vs fepB
2022-06-29 20:30:20 INFO::Creating boxplot for categorical data, Month vs cynA
2022-06-29 20:30:20 INFO::Creating boxplot for categorical data, Month vs futC
2022-06-29 20:30:20 INFO::Creating boxplot for categorical data, Month vs focA
2022-06-29 20:30:21 INFO::Creating boxplot for categorical data, Month vs isiA
2022-06-29 20:30:21 INFO::Creating boxplot for categorical data, Month vs nirA
2022-06-29 20:30:21 INFO::Creating boxplot for categorical data, Month vs phoE
2022-06-29 20:30:21 INFO::Creating boxplot for categorical data, Month vs amt1
2022-06-29 20:30:21 INFO::Creating boxplot for categorical data, Month vs cynS
2022-06-29 20:30:22 INFO::Creating boxplot for categorical data, Month vs PMM0804
2022-06-29 20:30:22 INFO::Creating boxplot for categorical data, Month vs moaD
2022-06-29 20:30:22 INFO::Creating boxplot for categorical data, Month vs pstA
2022-06-29 20:30:22 INFO::Creating boxplot for categorical data, Month vs phnD
2022-06-29 20:30:23 INFO::Creating boxplot for categorical data, Month vs unkN1
2022-06-29 20:30:23 INFO::Creating boxplot for categorical data, Month vs cirA
2022-06-29 20:30:23 INFO::Creating boxplot for categorical data, Month vs pstS
2022-06-29 20:30:23 INFO::Creating boxplot for categorical data, Month vs nadB
2022-06-29 20:30:24 INFO::Creating boxplot for categorical data, Month vs carA
2022-06-29 20:30:24 INFO::Creating boxplot for categorical data, Month vs speB
2022-06-29 20:30:27 INFO::Plotting data for metadata number 3, log_phosphate
2022-06-29 20:30:27 INFO::Creating scatter plot for continuous data, log_phosphate vs phoA
2022-06-29 20:30:28 DEBUG::`geom_smooth()` using formula 'y ~ x'
2022-06-29 20:30:28 INFO::Creating scatter plot for continuous data, log_phosphate vs fepC
2022-06-29 20:30:28 DEBUG::`geom_smooth()` using formula 'y ~ x'
2022-06-29 20:30:28 INFO::Creating scatter plot for continuous data, log_phosphate vs phoR
2022-06-29 20:30:28 DEBUG::`geom_smooth()` using formula 'y ~ x'
2022-06-29 20:30:28 INFO::Creating scatter plot for continuous data, log_phosphate vs phoX
2022-06-29 20:30:28 DEBUG::`geom_smooth()` using formula 'y ~ x'
2022-06-29 20:30:28 INFO::Creating scatter plot for continuous data, log_phosphate vs phoB
2022-06-29 20:30:28 DEBUG::`geom_smooth()` using formula 'y ~ x'
2022-06-29 20:30:28 INFO::Creating scatter plot for continuous data, log_phosphate vs phoE
2022-06-29 20:30:29 DEBUG::`geom_smooth()` using formula 'y ~ x'
2022-06-29 20:30:29 INFO::Creating scatter plot for continuous data, log_phosphate vs mfs
2022-06-29 20:30:29 DEBUG::`geom_smooth()` using formula 'y ~ x'
2022-06-29 20:30:29 INFO::Creating scatter plot for continuous data, log_phosphate vs febB
2022-06-29 20:30:29 DEBUG::`geom_smooth()` using formula 'y ~ x'
2022-06-29 20:30:29 INFO::Creating scatter plot for continuous data, log_phosphate vs chrA
2022-06-29 20:30:29 DEBUG::`geom_smooth()` using formula 'y ~ x'
2022-06-29 20:30:29 INFO::Creating scatter plot for continuous data, log_phosphate vs fepB
2022-06-29 20:30:29 DEBUG::`geom_smooth()` using formula 'y ~ x'
2022-06-29 20:30:29 INFO::Creating scatter plot for continuous data, log_phosphate vs pstS
2022-06-29 20:30:30 DEBUG::`geom_smooth()` using formula 'y ~ x'
2022-06-29 20:30:30 INFO::Creating scatter plot for continuous data, log_phosphate vs gap1
2022-06-29 20:30:30 DEBUG::`geom_smooth()` using formula 'y ~ x'
2022-06-29 20:30:30 INFO::Creating scatter plot for continuous data, log_phosphate vs acr3
2022-06-29 20:30:30 DEBUG::`geom_smooth()` using formula 'y ~ x'
2022-06-29 20:30:30 INFO::Creating scatter plot for continuous data, log_phosphate vs PMM707
2022-06-29 20:30:30 DEBUG::`geom_smooth()` using formula 'y ~ x'
2022-06-29 20:30:30 INFO::Creating scatter plot for continuous data, log_phosphate vs unkP5
2022-06-29 20:30:30 DEBUG::`geom_smooth()` using formula 'y ~ x'
2022-06-29 20:30:30 INFO::Creating scatter plot for continuous data, log_phosphate vs tolQ
2022-06-29 20:30:31 DEBUG::`geom_smooth()` using formula 'y ~ x'
2022-06-29 20:30:31 INFO::Creating scatter plot for continuous data, log_phosphate vs PMM719
2022-06-29 20:30:31 DEBUG::`geom_smooth()` using formula 'y ~ x'
2022-06-29 20:30:31 INFO::Creating scatter plot for continuous data, log_phosphate vs ptrA
2022-06-29 20:30:31 DEBUG::`geom_smooth()` using formula 'y ~ x'
2022-06-29 20:30:31 INFO::Creating scatter plot for continuous data, log_phosphate vs arsR
2022-06-29 20:30:31 DEBUG::`geom_smooth()` using formula 'y ~ x'
2022-06-29 20:30:31 INFO::Creating scatter plot for continuous data, log_phosphate vs unkP1
2022-06-29 20:30:31 DEBUG::`geom_smooth()` using formula 'y ~ x'
2022-06-29 20:30:31 INFO::Creating scatter plot for continuous data, log_phosphate vs pipX
2022-06-29 20:30:31 DEBUG::`geom_smooth()` using formula 'y ~ x'
2022-06-29 20:30:31 INFO::Creating scatter plot for continuous data, log_phosphate vs tonB
2022-06-29 20:30:32 DEBUG::`geom_smooth()` using formula 'y ~ x'
2022-06-29 20:30:32 INFO::Creating scatter plot for continuous data, log_phosphate vs thiO
2022-06-29 20:30:32 DEBUG::`geom_smooth()` using formula 'y ~ x'
2022-06-29 20:30:32 INFO::Creating scatter plot for continuous data, log_phosphate vs cirA
2022-06-29 20:30:32 DEBUG::`geom_smooth()` using formula 'y ~ x'
2022-06-29 20:30:32 INFO::Creating scatter plot for continuous data, log_phosphate vs glnA
2022-06-29 20:30:32 DEBUG::`geom_smooth()` using formula 'y ~ x'
2022-06-29 20:30:32 INFO::Creating scatter plot for continuous data, log_phosphate vs unkP4
2022-06-29 20:30:32 DEBUG::`geom_smooth()` using formula 'y ~ x'
2022-06-29 20:30:32 INFO::Creating scatter plot for continuous data, log_phosphate vs ureC
2022-06-29 20:30:33 DEBUG::`geom_smooth()` using formula 'y ~ x'
2022-06-29 20:30:33 INFO::Creating scatter plot for continuous data, log_phosphate vs futA
2022-06-29 20:30:33 DEBUG::`geom_smooth()` using formula 'y ~ x'
2022-06-29 20:30:33 INFO::Creating scatter plot for continuous data, log_phosphate vs carB
2022-06-29 20:30:33 DEBUG::`geom_smooth()` using formula 'y ~ x'
2022-06-29 20:30:33 INFO::Creating scatter plot for continuous data, log_phosphate vs ppX
2022-06-29 20:30:33 DEBUG::`geom_smooth()` using formula 'y ~ x'
2022-06-29 20:30:33 INFO::Creating scatter plot for continuous data, log_phosphate vs unkP3
2022-06-29 20:30:33 DEBUG::`geom_smooth()` using formula 'y ~ x'
2022-06-29 20:30:33 INFO::Creating scatter plot for continuous data, log_phosphate vs futC
2022-06-29 20:30:34 DEBUG::`geom_smooth()` using formula 'y ~ x'
2022-06-29 20:30:34 INFO::Creating scatter plot for continuous data, log_phosphate vs PMM721
2022-06-29 20:30:34 DEBUG::`geom_smooth()` using formula 'y ~ x'
2022-06-29 20:30:34 INFO::Creating scatter plot for continuous data, log_phosphate vs expD
2022-06-29 20:30:34 DEBUG::`geom_smooth()` using formula 'y ~ x'
2022-06-29 20:30:34 INFO::Creating scatter plot for continuous data, log_phosphate vs speA
2022-06-29 20:30:34 DEBUG::`geom_smooth()` using formula 'y ~ x'
2022-06-29 20:30:34 INFO::Creating scatter plot for continuous data, log_phosphate vs carA
2022-06-29 20:30:34 DEBUG::`geom_smooth()` using formula 'y ~ x'
2022-06-29 20:30:34 INFO::Creating scatter plot for continuous data, log_phosphate vs isiA
2022-06-29 20:30:35 DEBUG::`geom_smooth()` using formula 'y ~ x'
2022-06-29 20:30:35 INFO::Creating scatter plot for continuous data, log_phosphate vs PMM722
2022-06-29 20:30:35 DEBUG::`geom_smooth()` using formula 'y ~ x'
2022-06-29 20:30:35 INFO::Creating scatter plot for continuous data, log_phosphate vs ppA
2022-06-29 20:30:35 DEBUG::`geom_smooth()` using formula 'y ~ x'
2022-06-29 20:30:35 INFO::Creating scatter plot for continuous data, log_phosphate vs pstB
2022-06-29 20:30:35 DEBUG::`geom_smooth()` using formula 'y ~ x'
2022-06-29 20:30:35 INFO::Creating scatter plot for continuous data, log_phosphate vs PMM0804
2022-06-29 20:30:35 DEBUG::`geom_smooth()` using formula 'y ~ x'
2022-06-29 20:30:35 INFO::Creating scatter plot for continuous data, log_phosphate vs ureB
2022-06-29 20:30:35 DEBUG::`geom_smooth()` using formula 'y ~ x'
2022-06-29 20:30:35 INFO::Creating scatter plot for continuous data, log_phosphate vs futB
2022-06-29 20:30:36 DEBUG::`geom_smooth()` using formula 'y ~ x'
2022-06-29 20:30:36 INFO::Creating scatter plot for continuous data, log_phosphate vs phnD
2022-06-29 20:30:36 DEBUG::`geom_smooth()` using formula 'y ~ x'
2022-06-29 20:30:36 INFO::Creating scatter plot for continuous data, log_phosphate vs fur
2022-06-29 20:30:36 DEBUG::`geom_smooth()` using formula 'y ~ x'
2022-06-29 20:30:36 INFO::Creating scatter plot for continuous data, log_phosphate vs speB
2022-06-29 20:30:36 DEBUG::`geom_smooth()` using formula 'y ~ x'
2022-06-29 20:30:36 INFO::Creating scatter plot for continuous data, log_phosphate vs dadA
2022-06-29 20:30:36 DEBUG::`geom_smooth()` using formula 'y ~ x'
2022-06-29 20:30:36 INFO::Creating scatter plot for continuous data, log_phosphate vs sqdB
2022-06-29 20:30:37 DEBUG::`geom_smooth()` using formula 'y ~ x'
2022-06-29 20:30:37 INFO::Creating scatter plot for continuous data, log_phosphate vs ppK
2022-06-29 20:30:37 DEBUG::`geom_smooth()` using formula 'y ~ x'
2022-06-29 20:30:40 INFO::Plotting data for metadata number 4, time_in_day
2022-06-29 20:30:40 INFO::Creating boxplot for categorical data, time_in_day vs glnA
2022-06-29 20:30:40 INFO::Creating boxplot for categorical data, time_in_day vs carA
2022-06-29 20:30:40 INFO::Creating boxplot for categorical data, time_in_day vs ppK
2022-06-29 20:30:40 INFO::Creating boxplot for categorical data, time_in_day vs speA
2022-06-29 20:30:41 INFO::Creating boxplot for categorical data, time_in_day vs futC
2022-06-29 20:30:41 INFO::Creating boxplot for categorical data, time_in_day vs ureB
2022-06-29 20:30:42 INFO::Creating boxplot for categorical data, time_in_day vs ureG
2022-06-29 20:30:43 INFO::Creating boxplot for categorical data, time_in_day vs pstB
2022-06-29 20:30:44 INFO::Creating boxplot for categorical data, time_in_day vs carB
2022-06-29 20:30:44 INFO::Creating boxplot for categorical data, time_in_day vs ureA
2022-06-29 20:30:44 INFO::Creating boxplot for categorical data, time_in_day vs pstA
2022-06-29 20:30:44 INFO::Creating boxplot for categorical data, time_in_day vs ppK
2022-06-29 20:30:45 INFO::Creating boxplot for categorical data, time_in_day vs amt1
2022-06-29 20:30:45 INFO::Creating boxplot for categorical data, time_in_day vs ureC
2022-06-29 20:30:45 INFO::Creating boxplot for categorical data, time_in_day vs glnA
2022-06-29 20:30:45 INFO::Creating boxplot for categorical data, time_in_day vs urtA
2022-06-29 20:30:46 INFO::Creating boxplot for categorical data, time_in_day vs pstA
2022-06-29 20:30:46 INFO::Creating boxplot for categorical data, time_in_day vs sqdB
2022-06-29 20:30:46 INFO::Creating boxplot for categorical data, time_in_day vs isiB
2022-06-29 20:30:46 INFO::Creating boxplot for categorical data, time_in_day vs urtA
2022-06-29 20:30:46 INFO::Creating boxplot for categorical data, time_in_day vs crp1390
2022-06-29 20:30:47 INFO::Creating boxplot for categorical data, time_in_day vs pstC
2022-06-29 20:30:47 INFO::Creating boxplot for categorical data, time_in_day vs ureC
2022-06-29 20:30:47 INFO::Creating boxplot for categorical data, time_in_day vs pstS
2022-06-29 20:30:47 INFO::Creating boxplot for categorical data, time_in_day vs napA
2022-06-29 20:30:47 INFO::Creating boxplot for categorical data, time_in_day vs fur
2022-06-29 20:30:48 INFO::Creating boxplot for categorical data, time_in_day vs carA
2022-06-29 20:30:48 INFO::Creating boxplot for categorical data, time_in_day vs pstS
2022-06-29 20:30:48 INFO::Creating boxplot for categorical data, time_in_day vs ureG
2022-06-29 20:30:48 INFO::Creating boxplot for categorical data, time_in_day vs isiA
2022-06-29 20:30:49 INFO::Creating boxplot for categorical data, time_in_day vs gdhA
2022-06-29 20:30:49 INFO::Creating boxplot for categorical data, time_in_day vs ureB
2022-06-29 20:30:49 INFO::Creating boxplot for categorical data, time_in_day vs isiA
2022-06-29 20:30:49 INFO::Creating boxplot for categorical data, time_in_day vs crp1390
2022-06-29 20:30:49 INFO::Creating boxplot for categorical data, time_in_day vs ureF
2022-06-29 20:30:50 INFO::Creating boxplot for categorical data, time_in_day vs PMM0804
2022-06-29 20:30:50 INFO::Creating boxplot for categorical data, time_in_day vs unkP5
2022-06-29 20:30:50 INFO::Creating boxplot for categorical data, time_in_day vs nirA
2022-06-29 20:30:50 INFO::Creating boxplot for categorical data, time_in_day vs speA
2022-06-29 20:30:51 INFO::Creating boxplot for categorical data, time_in_day vs futA
2022-06-29 20:30:51 INFO::Creating boxplot for categorical data, time_in_day vs carA
2022-06-29 20:30:51 INFO::Creating boxplot for categorical data, time_in_day vs unkP4
2022-06-29 20:30:51 INFO::Creating boxplot for categorical data, time_in_day vs fur
2022-06-29 20:30:51 INFO::Creating boxplot for categorical data, time_in_day vs isiB
2022-06-29 20:30:52 INFO::Creating boxplot for categorical data, time_in_day vs ppA
2022-06-29 20:30:52 INFO::Creating boxplot for categorical data, time_in_day vs glnA
2022-06-29 20:30:52 INFO::Creating boxplot for categorical data, time_in_day vs fepB
2022-06-29 20:30:52 INFO::Creating boxplot for categorical data, time_in_day vs ppX
2022-06-29 20:30:53 INFO::Creating boxplot for categorical data, time_in_day vs ureF
2022-06-29 20:30:53 INFO::Creating boxplot for categorical data, time_in_day vs focA
2022-06-29 20:30:53 INFO::Creating boxplot for categorical data, time_in_day vs fur
2022-06-29 20:30:53 INFO::Creating boxplot for categorical data, time_in_day vs dadA
2022-06-29 20:30:53 INFO::Creating boxplot for categorical data, time_in_day vs nadB
2022-06-29 20:30:54 INFO::Creating boxplot for categorical data, time_in_day vs pstC
2022-06-29 20:30:54 INFO::Creating boxplot for categorical data, time_in_day vs amt1
2022-06-29 20:30:54 INFO::Creating boxplot for categorical data, time_in_day vs cynS
2022-06-29 20:30:54 INFO::Creating boxplot for categorical data, time_in_day vs ureA
2022-06-29 20:30:55 INFO::Creating boxplot for categorical data, time_in_day vs ppA
2022-06-29 20:30:55 INFO::Creating boxplot for categorical data, time_in_day vs moeA
2022-06-29 20:30:55 INFO::Creating boxplot for categorical data, time_in_day vs expD
2022-06-29 20:30:55 INFO::Creating boxplot for categorical data, time_in_day vs glnB
2022-06-29 20:30:55 INFO::Creating boxplot for categorical data, time_in_day vs ureE
2022-06-29 20:30:56 INFO::Creating boxplot for categorical data, time_in_day vs pstB
2022-06-29 20:30:56 INFO::Creating boxplot for categorical data, time_in_day vs ppA
2022-06-29 20:30:56 INFO::Creating boxplot for categorical data, time_in_day vs tolQ
2022-06-29 20:30:56 INFO::Creating boxplot for categorical data, time_in_day vs pstB
2022-06-29 20:30:57 INFO::Creating boxplot for categorical data, time_in_day vs pstC
2022-06-29 20:30:57 INFO::Creating boxplot for categorical data, time_in_day vs speA
2022-06-29 20:30:57 INFO::Creating boxplot for categorical data, time_in_day vs ppX
2022-06-29 20:30:57 INFO::Creating boxplot for categorical data, time_in_day vs futA
2022-06-29 20:30:58 INFO::Creating boxplot for categorical data, time_in_day vs unkN2
2022-06-29 20:30:58 INFO::Creating boxplot for categorical data, time_in_day vs amt1
2022-06-29 20:30:58 INFO::Creating boxplot for categorical data, time_in_day vs nadB
2022-06-29 20:30:58 INFO::Creating boxplot for categorical data, time_in_day vs glnA
2022-06-29 20:30:58 INFO::Creating boxplot for categorical data, time_in_day vs focA
2022-06-29 20:30:59 INFO::Creating boxplot for categorical data, time_in_day vs ureB
2022-06-29 20:30:59 INFO::Creating boxplot for categorical data, time_in_day vs ppA
2022-06-29 20:30:59 INFO::Creating boxplot for categorical data, time_in_day vs narB
2022-06-29 20:30:59 INFO::Creating boxplot for categorical data, time_in_day vs ureD
2022-06-29 20:31:00 INFO::Creating boxplot for categorical data, time_in_day vs pstC
2022-06-29 20:31:00 INFO::Creating boxplot for categorical data, time_in_day vs nadB
2022-06-29 20:31:00 INFO::Creating boxplot for categorical data, time_in_day vs isiA
2022-06-29 20:31:00 INFO::Creating boxplot for categorical data, time_in_day vs isiB
2022-06-29 20:31:00 INFO::Creating boxplot for categorical data, time_in_day vs moaA
2022-06-29 20:31:01 INFO::Creating boxplot for categorical data, time_in_day vs unkP5
2022-06-29 20:31:01 INFO::Creating boxplot for categorical data, time_in_day vs dadA
2022-06-29 20:31:01 INFO::Creating boxplot for categorical data, time_in_day vs tonB
2022-06-29 20:31:01 INFO::Creating boxplot for categorical data, time_in_day vs pstB
2022-06-29 20:31:02 INFO::Creating boxplot for categorical data, time_in_day vs tonB
2022-06-29 20:31:02 INFO::Creating boxplot for categorical data, time_in_day vs unkP2
2022-06-29 20:31:02 INFO::Creating boxplot for categorical data, time_in_day vs glnB
2022-06-29 20:31:02 INFO::Creating boxplot for categorical data, time_in_day vs arsR
2022-06-29 20:31:02 INFO::Creating boxplot for categorical data, time_in_day vs glnB
2022-06-29 20:31:03 INFO::Creating boxplot for categorical data, time_in_day vs ppX
2022-06-29 20:31:03 INFO::Creating boxplot for categorical data, time_in_day vs futB
2022-06-29 20:31:03 INFO::Creating boxplot for categorical data, time_in_day vs amt1
2022-06-29 20:31:03 INFO::Creating boxplot for categorical data, time_in_day vs gap1
2022-06-29 20:31:03 INFO::Creating boxplot for categorical data, time_in_day vs PMM707
2022-06-29 20:31:04 INFO::Creating boxplot for categorical data, time_in_day vs cirA
2022-06-29 20:31:04 INFO::Creating boxplot for categorical data, time_in_day vs ureC
2022-06-29 20:31:04 INFO::Creating boxplot for categorical data, time_in_day vs ureD
2022-06-29 20:31:04 INFO::Creating boxplot for categorical data, time_in_day vs mfs
2022-06-29 20:31:05 INFO::Creating boxplot for categorical data, time_in_day vs glsF
2022-06-29 20:31:05 INFO::Creating boxplot for categorical data, time_in_day vs PMM0804
2022-06-29 20:31:05 INFO::Creating boxplot for categorical data, time_in_day vs unkP3
2022-06-29 20:31:05 INFO::Creating boxplot for categorical data, time_in_day vs futB
2022-06-29 20:31:05 INFO::Creating boxplot for categorical data, time_in_day vs ureG
2022-06-29 20:31:06 INFO::Creating boxplot for categorical data, time_in_day vs fepC
2022-06-29 20:31:06 INFO::Creating boxplot for categorical data, time_in_day vs pstA
2022-06-29 20:31:06 INFO::Creating boxplot for categorical data, time_in_day vs futC
2022-06-29 20:31:06 INFO::Creating boxplot for categorical data, time_in_day vs phnD
2022-06-29 20:31:07 INFO::Creating boxplot for categorical data, time_in_day vs carA
2022-06-29 20:31:07 INFO::Creating boxplot for categorical data, time_in_day vs glsF
2022-06-29 20:31:07 INFO::Creating boxplot for categorical data, time_in_day vs ntcA
2022-06-29 20:31:07 INFO::Creating boxplot for categorical data, time_in_day vs cynS
2022-06-29 20:31:07 INFO::Creating boxplot for categorical data, time_in_day vs ppA
2022-06-29 20:31:08 INFO::Creating boxplot for categorical data, time_in_day vs moaD
2022-06-29 20:31:08 INFO::Creating boxplot for categorical data, time_in_day vs moaE
2022-06-29 20:31:08 INFO::Creating boxplot for categorical data, time_in_day vs focA
2022-06-29 20:31:08 INFO::Creating boxplot for categorical data, time_in_day vs cynS
2022-06-29 20:31:09 INFO::Creating boxplot for categorical data, time_in_day vs ureC
2022-06-29 20:31:09 INFO::Creating boxplot for categorical data, time_in_day vs urtA
2022-06-29 20:31:09 INFO::Creating boxplot for categorical data, time_in_day vs ureE
2022-06-29 20:31:09 INFO::Creating boxplot for categorical data, time_in_day vs thiO
2022-06-29 20:31:09 INFO::Creating boxplot for categorical data, time_in_day vs phnD
2022-06-29 20:31:10 INFO::Creating boxplot for categorical data, time_in_day vs futB
