2024-04-29 23:21:43.595174 INFO::Writing function arguments to log file
2024-04-29 23:21:44.350615 DEBUG::Function arguments
2024-04-29 23:21:44.407779 DEBUG::Output folder: MaAsLin_out/negbin-COGabun_against_logPO4_sqrtIron_logNO2NO3_Salinity_Oxygen_temp_logDepth_size
2024-04-29 23:21:44.442122 DEBUG::Min Abundance: 0.000000
2024-04-29 23:21:44.479204 DEBUG::Min Prevalence: 0.330000
2024-04-29 23:21:44.508457 DEBUG::Normalization: NONE
2024-04-29 23:21:44.542186 DEBUG::Transform: NONE
2024-04-29 23:21:44.561821 DEBUG::Analysis method: NEGBIN
2024-04-29 23:21:44.596447 DEBUG::Max significance: 0.050000
2024-04-29 23:21:44.625412 DEBUG::Random effects: Mean_Lat,Mean_Long
2024-04-29 23:21:44.659784 DEBUG::Fixed effects: size_fraction,Mean_Temperature,log_depth,Mean_Salinity,Mean_Oxygen,log_PO4,log_NO2NO3,sqrt_iron
2024-04-29 23:21:44.670196 DEBUG::Correction method: BH
2024-04-29 23:21:44.696201 DEBUG::Standardize: FALSE
2024-04-29 23:21:44.714003 DEBUG::Cores: 40
2024-04-29 23:21:44.73522 INFO::Verifying options selected are valid
2024-04-29 23:21:44.86337 INFO::Determining format of input files
2024-04-29 23:21:44.889053 INFO::Input format is data samples as columns and metadata samples as rows
2024-04-29 23:21:44.992862 DEBUG::Transformed data so samples are rows
2024-04-29 23:21:45.016262 DEBUG::A total of 139 samples were found in both the data and metadata
2024-04-29 23:21:45.024412 DEBUG::Reordering data/metadata to use same sample ordering
2024-04-29 23:21:45.158448 INFO::Formula for random effects: expr ~ (1 | Mean_Lat) + (1 | Mean_Long)
2024-04-29 23:21:45.172143 INFO::Formula for fixed effects: expr ~  size_fraction + Mean_Temperature + log_depth + Mean_Salinity + Mean_Oxygen + log_PO4 + log_NO2NO3 + sqrt_iron
2024-04-29 23:21:45.189154 INFO::Filter data based on min abundance and min prevalence
2024-04-29 23:21:45.206959 INFO::Total samples in data: 139
2024-04-29 23:21:45.222413 INFO::Min samples required with min abundance for a feature not to be filtered: 45.870000
2024-04-29 23:21:45.371361 INFO::Total filtered features: 679
2024-04-29 23:21:45.395733 INFO::Filtered feature names from abundance and prevalence filtering: COG0650, COG1103, COG1110, COG1149, COG1152, COG1224, COG1255, COG1318, COG1323, COG1332, COG1337, COG1341, COG1342, COG1356, COG1365, COG1367, COG1374, COG1417, COG1421, COG1423, COG1424, COG1440, COG1447, COG1458, COG1504, COG1517, COG1531, COG1542, COG1567, COG1603, COG1614, COG1627, COG1645, COG1689, COG1693, COG1707, COG1710, COG1728, COG1731, COG1750, COG1751, COG1753, COG1769, COG1771, COG1800, COG1810, COG1822, COG1827, COG1839, COG1844, COG1851, COG1857, COG1860, COG1880, COG1885, COG1888, COG1892, COG1895, COG1906, COG1927, COG1930, COG1935, COG1954, COG1962, COG1973, COG1991, COG1996, COG2000, COG2024, COG2033, COG2061, COG2069, COG2083, COG2100, COG2117, COG2134, COG2136, COG2155, COG2158, COG2163, COG2174, COG2245, COG2248, COG2383, COG2405, COG2410, COG2411, COG2419, COG2427, COG2428, COG2433, COG2441, COG2454, COG2456, COG2469, COG2517, COG2521, COG2707, COG2732, COG2739, COG2811, COG2830, COG2868, COG2879, COG2886, COG2892, COG2926, COG2952, COG2973, COG3036, COG3042, COG3050, COG3052, COG3056, COG3061, COG3074, COG3084, COG3097, COG3113, COG3120, COG3140, COG3192, COG3196, COG3234, COG3260, COG3262, COG3277, COG3286, COG3305, COG3337, COG3343, COG3351, COG3352, COG3353, COG3354, COG3355, COG3357, COG3366, COG3368, COG3370, COG3371, COG3373, COG3374, COG3388, COG3416, COG3430, COG3432, COG3445, COG3462, COG3465, COG3466, COG3477, COG3557, COG3582, COG3589, COG3601, COG3611, COG3612, COG3630, COG3648, COG3679, COG3691, COG3697, COG3715, COG3722, COG3753, COG3763, COG3767, COG3771, COG3776, COG3780, COG3790, COG3792, COG3860, COG3862, COG3863, COG3874, COG3881, COG3887, COG3888, COG3890, COG3906, COG3918, COG3923, COG3924, COG3925, COG3933, COG3966, COG4001, COG4002, COG4003, COG4004, COG4006, COG4007, COG4008, COG4015, COG4016, COG4018, COG4019, COG4020, COG4021, COG4023, COG4025, COG4026, COG4027, COG4030, COG4031, COG4047, COG4048, COG4049, COG4066, COG4071, COG4072, COG4076, COG4080, COG4086, COG4088, COG4089, COG4090, COG4098, COG4109, COG4116, COG4129, COG4161, COG4168, COG4192, COG4194, COG4197, COG4211, COG4224, COG4237, COG4238, COG4250, COG4256, COG4272, COG4296, COG4304, COG4305, COG4306, COG4309, COG4316, COG4317, COG4331, COG4332, COG4342, COG4343, COG4344, COG4345, COG4346, COG4352, COG4357, COG4367, COG4377, COG4378, COG4396, COG4408, COG4443, COG4459, COG4460, COG4463, COG4465, COG4466, COG4467, COG4468, COG4469, COG4470, COG4471, COG4472, COG4473, COG4475, COG4476, COG4477, COG4478, COG4479, COG4481, COG4483, COG4492, COG4493, COG4495, COG4499, COG4506, COG4508, COG4509, COG4512, COG4518, COG4537, COG4550, COG4571, COG4578, COG4640, COG4652, COG4684, COG4685, COG4687, COG4697, COG4698, COG4699, COG4703, COG4708, COG4709, COG4710, COG4711, COG4722, COG4726, COG4727, COG4732, COG4739, COG4746, COG4749, COG4756, COG4758, COG4768, COG4781, COG4800, COG4808, COG4810, COG4811, COG4812, COG4814, COG4816, COG4817, COG4818, COG4820, COG4822, COG4824, COG4827, COG4831, COG4835, COG4836, COG4837, COG4838, COG4839, COG4840, COG4841, COG4844, COG4846, COG4851, COG4853, COG4854, COG4858, COG4862, COG4863, COG4868, COG4871, COG4873, COG4876, COG4881, COG4884, COG4885, COG4888, COG4896, COG4900, COG4901, COG4903, COG4905, COG4915, COG4917, COG4918, COG4926, COG4936, COG4937, COG4939, COG4940, COG4975, COG4980, COG4990, COG4996, COG5003, COG5019, COG5020, COG5021, COG5022, COG5023, COG5024, COG5025, COG5027, COG5028, COG5030, COG5032, COG5033, COG5034, COG5035, COG5036, COG5038, COG5040, COG5041, COG5043, COG5044, COG5045, COG5046, COG5047, COG5049, COG5051, COG5052, COG5053, COG5054, COG5056, COG5057, COG5058, COG5059, COG5061, COG5062, COG5063, COG5064, COG5065, COG5066, COG5067, COG5068, COG5069, COG5070, COG5071, COG5072, COG5074, COG5075, COG5076, COG5077, COG5078, COG5079, COG5080, COG5081, COG5082, COG5084, COG5086, COG5088, COG5090, COG5091, COG5092, COG5093, COG5094, COG5095, COG5096, COG5097, COG5098, COG5099, COG5100, COG5101, COG5102, COG5103, COG5104, COG5105, COG5106, COG5107, COG5109, COG5110, COG5111, COG5112, COG5113, COG5114, COG5116, COG5117, COG5118, COG5120, COG5122, COG5123, COG5124, COG5125, COG5127, COG5128, COG5129, COG5132, COG5133, COG5134, COG5136, COG5137, COG5138, COG5139, COG5140, COG5141, COG5142, COG5143, COG5144, COG5145, COG5147, COG5148, COG5149, COG5150, COG5151, COG5152, COG5154, COG5155, COG5156, COG5157, COG5158, COG5159, COG5160, COG5161, COG5162, COG5163, COG5164, COG5165, COG5167, COG5169, COG5170, COG5171, COG5173, COG5174, COG5175, COG5176, COG5177, COG5178, COG5179, COG5180, COG5181, COG5182, COG5183, COG5185, COG5186, COG5187, COG5188, COG5190, COG5191, COG5192, COG5193, COG5194, COG5195, COG5196, COG5197, COG5199, COG5200, COG5201, COG5202, COG5204, COG5206, COG5207, COG5208, COG5209, COG5210, COG5211, COG5213, COG5214, COG5215, COG5216, COG5217, COG5218, COG5219, COG5220, COG5221, COG5222, COG5223, COG5224, COG5225, COG5227, COG5228, COG5229, COG5230, COG5231, COG5232, COG5233, COG5234, COG5235, COG5236, COG5237, COG5238, COG5239, COG5240, COG5241, COG5242, COG5243, COG5244, COG5245, COG5246, COG5247, COG5248, COG5249, COG5250, COG5251, COG5252, COG5253, COG5254, COG5259, COG5261, COG5262, COG5263, COG5264, COG5269, COG5270, COG5273, COG5275, COG5277, COG5290, COG5291, COG5294, COG5296, COG5298, COG5307, COG5308, COG5325, COG5329, COG5333, COG5341, COG5347, COG5353, COG5354, COG5369, COG5378, COG5384, COG5386, COG5391, COG5393, COG5406, COG5407, COG5408, COG5409, COG5411, COG5414, COG5416, COG5417, COG5418, COG5420, COG5422, COG5432, COG5435, COG5445, COG5466, COG5475, COG5487, COG5503, COG5506, COG5509, COG5510, COG5521, COG5526, COG5533, COG5535, COG5536, COG5537, COG5539, COG5540, COG5541, COG5543, COG5544, COG5546, COG5547, COG5548, COG5550, COG5551, COG5554, COG5558, COG5559, COG5560, COG5561, COG5567, COG5574, COG5575, COG5576, COG5577, COG5578, COG5580, COG5582, COG5584, COG5592, COG5593, COG5594, COG5596, COG5599, COG5600, COG5601, COG5603, COG5604, COG5609, COG5612, COG5617, COG5623, COG5624, COG5625, COG5627, COG5634, COG5636, COG5638, COG5641, COG5643, COG5644, COG5645, COG5647, COG5648, COG5656, COG5657, COG5664, COG5665
2024-04-29 23:21:45.63321 INFO::Total filtered features with variance filtering: 0
2024-04-29 23:21:45.65306 INFO::Filtered feature names from variance filtering:
2024-04-29 23:21:45.67189 INFO::Running selected normalization method: NONE
2024-04-29 23:21:45.69071 INFO::Bypass z-score application to metadata
2024-04-29 23:21:45.709022 INFO::Running selected transform method: NONE
2024-04-29 23:21:45.725429 INFO::Running selected analysis method: NEGBIN
2024-04-29 23:21:50.00615 INFO::Creating cluster of 40 R processes
2024-04-29 23:31:11.444231 INFO::Counting total values for each feature
2024-04-29 23:31:24.948946 INFO::Writing model objects to file MaAsLin_out/negbin-COGabun_against_logPO4_sqrtIron_logNO2NO3_Salinity_Oxygen_temp_logDepth_size/fits/models.rds
2024-04-29 23:35:01.914025 INFO::Writing filtered data to file MaAsLin_out/negbin-COGabun_against_logPO4_sqrtIron_logNO2NO3_Salinity_Oxygen_temp_logDepth_size/features/filtered_data.tsv
2024-04-29 23:35:02.74936 INFO::Writing filtered, normalized data to file MaAsLin_out/negbin-COGabun_against_logPO4_sqrtIron_logNO2NO3_Salinity_Oxygen_temp_logDepth_size/features/filtered_data_norm.tsv
2024-04-29 23:35:03.58532 INFO::Writing filtered, normalized, transformed data to file MaAsLin_out/negbin-COGabun_against_logPO4_sqrtIron_logNO2NO3_Salinity_Oxygen_temp_logDepth_size/features/filtered_data_norm_transformed.tsv
2024-04-29 23:35:04.402842 INFO::Writing residuals to file MaAsLin_out/negbin-COGabun_against_logPO4_sqrtIron_logNO2NO3_Salinity_Oxygen_temp_logDepth_size/fits/residuals.rds
2024-04-29 23:35:04.661705 INFO::Writing fitted values to file MaAsLin_out/negbin-COGabun_against_logPO4_sqrtIron_logNO2NO3_Salinity_Oxygen_temp_logDepth_size/fits/fitted.rds
2024-04-29 23:35:04.941021 INFO::Writing extracted random effects to file MaAsLin_out/negbin-COGabun_against_logPO4_sqrtIron_logNO2NO3_Salinity_Oxygen_temp_logDepth_size/fits/ranef.rds
2024-04-29 23:35:05.430085 INFO::Writing all results to file (ordered by increasing q-values): MaAsLin_out/negbin-COGabun_against_logPO4_sqrtIron_logNO2NO3_Salinity_Oxygen_temp_logDepth_size/all_results.tsv
2024-04-29 23:35:05.722514 INFO::Writing the significant results (those which are less than or equal to the threshold of 0.050000 ) to file (ordered by increasing q-values): MaAsLin_out/negbin-COGabun_against_logPO4_sqrtIron_logNO2NO3_Salinity_Oxygen_temp_logDepth_size/significant_results.tsv
2024-04-29 23:35:05.756212 INFO::Writing heatmap of significant results to file: MaAsLin_out/negbin-COGabun_against_logPO4_sqrtIron_logNO2NO3_Salinity_Oxygen_temp_logDepth_size/heatmap.pdf
2024-04-29 23:35:05.77794 INFO::Writing association plots (one for each significant association) to output folder: MaAsLin_out/negbin-COGabun_against_logPO4_sqrtIron_logNO2NO3_Salinity_Oxygen_temp_logDepth_size
